2025-08-08 00:05:53 - utils.logger - INFO - logger.py:126 - ✅ ============================================================
2025-08-08 00:05:53 - utils.logger - INFO - logger.py:127 - ✅ RoArm M3 Logging System Initialized
2025-08-08 00:05:53 - utils.logger - INFO - logger.py:128 - ✅ Log directory: /Users/michaelfleischer/Desktop/RoArmM3v1/logs
2025-08-08 00:05:53 - utils.logger - INFO - logger.py:129 - ✅ ============================================================
2025-08-08 00:05:53 - utils.logger - INFO - logger.py:223 - ✅ Logging level set to INFO
2025-08-08 00:05:53 - motion.trajectory - DEBUG - trajectory.py:57 - TrajectoryGenerator initialized: v_max=2.0, a_max=3.0
2025-08-08 00:05:53 - utils.safety - INFO - safety.py:67 - ✅ SafetyMonitor initialized
2025-08-08 00:05:53 - RoArm.Serial - INFO - serial_comm.py:39 - ✅ 🔌 Connecting to /dev/tty.usbserial-110...
2025-08-08 00:05:55 - RoArm.Serial - INFO - serial_comm.py:56 - ✅ ✅ Connected successfully
2025-08-08 00:05:55 - core.controller - INFO - controller.py:103 - ✅ ✅ Connected to RoArm on /dev/tty.usbserial-110
2025-08-08 00:05:56 - core.controller - INFO - controller.py:330 - ✅ Torque enabled
2025-08-08 00:05:56 - core.controller - INFO - controller.py:151 - ✅ Robot initialized
2025-08-08 00:05:56 - __main__ - INFO - main.py:154 - ✅ Successfully connected to RoArm
2025-08-08 00:05:56 - teaching.recorder - INFO - recorder.py:212 - ✅ Teaching Recorder initialized
2025-08-08 00:05:56 - calibration.calibration_suite - INFO - calibration_suite.py:237 - ✅ Calibration loaded from calibration/system_calibration.json
2025-08-08 00:05:56 - calibration.calibration_suite - INFO - calibration_suite.py:774 - ✅ ✅ Calibration loaded successfully
2025-08-08 00:05:56 - calibration.calibration_suite - INFO - calibration_suite.py:804 - ✅ Calibration applied to controller
2025-08-08 00:05:56 - calibration.calibration_suite - INFO - calibration_suite.py:272 - ✅ Calibration Suite initialized
2025-08-08 00:05:56 - safety.safety_system - INFO - safety_system.py:157 - ✅ Safety System initialized (V2 - Non-blocking mode)
2025-08-08 00:06:19 - calibration.calibration_suite - INFO - calibration_suite.py:284 - ✅ 🔧 Starting AUTO CALIBRATION
2025-08-08 00:06:19 - calibration.calibration_suite - INFO - calibration_suite.py:285 - ✅ ==================================================
2025-08-08 00:06:19 - calibration.calibration_suite - INFO - calibration_suite.py:560 - ✅ Phase 1/6: Preparing calibration...
2025-08-08 00:06:20 - core.controller - INFO - controller.py:330 - ✅ Torque enabled
2025-08-08 00:06:20 - core.controller - INFO - controller.py:295 - ✅ Moving to home position...
2025-08-08 00:06:20 - utils.safety - WARNING - safety.py:98 - ⚠️ Position near limit: hand = 3.140 rad
2025-08-08 00:06:20 - motion.trajectory - DEBUG - trajectory.py:92 - No significant movement needed
2025-08-08 00:06:23 - calibration.calibration_suite - INFO - calibration_suite.py:296 - ✅ Phase 2/6: Finding endstops...
2025-08-08 00:06:23 - calibration.calibration_suite - INFO - calibration_suite.py:578 - ✅   Finding endstops for base...
2025-08-08 00:06:23 - calibration.calibration_suite - INFO - calibration_suite.py:578 - ✅   Finding endstops for shoulder...
2025-08-08 00:06:23 - calibration.calibration_suite - INFO - calibration_suite.py:578 - ✅   Finding endstops for elbow...
2025-08-08 00:06:23 - calibration.calibration_suite - INFO - calibration_suite.py:578 - ✅   Finding endstops for wrist...
2025-08-08 00:06:23 - calibration.calibration_suite - INFO - calibration_suite.py:578 - ✅   Finding endstops for roll...
2025-08-08 00:06:23 - calibration.calibration_suite - INFO - calibration_suite.py:578 - ✅   Finding endstops for hand...
2025-08-08 00:06:23 - calibration.calibration_suite - INFO - calibration_suite.py:301 - ✅ Phase 3/6: Calibrating joints...
2025-08-08 00:06:23 - calibration.calibration_suite - INFO - calibration_suite.py:594 - ✅   Calibrating base...
2025-08-08 00:06:23 - utils.safety - WARNING - safety.py:98 - ⚠️ Position near limit: hand = 3.140 rad
2025-08-08 00:06:23 - motion.trajectory - DEBUG - trajectory.py:99 - Generating s_curve trajectory: 20 points, 4.40s
2025-08-08 00:06:33 - utils.safety - WARNING - safety.py:98 - ⚠️ Position near limit: hand = 3.140 rad
2025-08-08 00:06:33 - motion.trajectory - DEBUG - trajectory.py:99 - Generating s_curve trajectory: 20 points, 2.20s
2025-08-08 00:06:41 - utils.safety - WARNING - safety.py:98 - ⚠️ Position near limit: hand = 3.140 rad
2025-08-08 00:06:41 - motion.trajectory - DEBUG - trajectory.py:99 - Generating s_curve trajectory: 20 points, 2.20s
2025-08-08 00:06:49 - utils.safety - WARNING - safety.py:98 - ⚠️ Position near limit: hand = 3.140 rad
2025-08-08 00:06:49 - motion.trajectory - DEBUG - trajectory.py:99 - Generating s_curve trajectory: 20 points, 2.20s
2025-08-08 00:06:58 - utils.safety - WARNING - safety.py:98 - ⚠️ Position near limit: hand = 3.140 rad
2025-08-08 00:06:58 - motion.trajectory - DEBUG - trajectory.py:99 - Generating s_curve trajectory: 20 points, 2.20s
2025-08-08 00:07:06 - calibration.calibration_suite - INFO - calibration_suite.py:631 - ✅     Offset: -0.00 mrad
2025-08-08 00:07:06 - calibration.calibration_suite - INFO - calibration_suite.py:632 - ✅     Accuracy: 0.00 mrad
2025-08-08 00:07:06 - calibration.calibration_suite - INFO - calibration_suite.py:594 - ✅   Calibrating shoulder...
2025-08-08 00:07:06 - utils.safety - WARNING - safety.py:98 - ⚠️ Position near limit: hand = 3.140 rad
2025-08-08 00:07:06 - motion.trajectory - DEBUG - trajectory.py:99 - Generating s_curve trajectory: 20 points, 1.78s
2025-08-08 00:07:13 - utils.safety - WARNING - safety.py:98 - ⚠️ Position near limit: hand = 3.140 rad
2025-08-08 00:07:13 - motion.trajectory - DEBUG - trajectory.py:99 - Generating s_curve trajectory: 20 points, 0.89s
2025-08-08 00:07:20 - utils.safety - WARNING - safety.py:98 - ⚠️ Position near limit: hand = 3.140 rad
2025-08-08 00:07:20 - motion.trajectory - DEBUG - trajectory.py:99 - Generating s_curve trajectory: 20 points, 0.89s
2025-08-08 00:07:27 - utils.safety - WARNING - safety.py:98 - ⚠️ Position near limit: hand = 3.140 rad
2025-08-08 00:07:27 - motion.trajectory - DEBUG - trajectory.py:99 - Generating s_curve trajectory: 20 points, 0.89s
2025-08-08 00:07:34 - utils.safety - WARNING - safety.py:98 - ⚠️ Position near limit: hand = 3.140 rad
2025-08-08 00:07:34 - motion.trajectory - DEBUG - trajectory.py:99 - Generating s_curve trajectory: 20 points, 0.89s
2025-08-08 00:07:41 - calibration.calibration_suite - INFO - calibration_suite.py:631 - ✅     Offset: -0.00 mrad
2025-08-08 00:07:41 - calibration.calibration_suite - INFO - calibration_suite.py:632 - ✅     Accuracy: 0.00 mrad
2025-08-08 00:07:41 - calibration.calibration_suite - INFO - calibration_suite.py:594 - ✅   Calibrating elbow...
2025-08-08 00:07:41 - utils.safety - WARNING - safety.py:98 - ⚠️ Position near limit: hand = 3.140 rad
2025-08-08 00:07:41 - motion.trajectory - DEBUG - trajectory.py:99 - Generating s_curve trajectory: 20 points, 1.78s
2025-08-08 00:07:48 - utils.safety - WARNING - safety.py:98 - ⚠️ Position near limit: hand = 3.140 rad
2025-08-08 00:07:48 - motion.trajectory - DEBUG - trajectory.py:99 - Generating s_curve trajectory: 20 points, 0.89s
2025-08-08 00:07:55 - utils.safety - WARNING - safety.py:98 - ⚠️ Position near limit: hand = 3.140 rad
2025-08-08 00:07:55 - motion.trajectory - DEBUG - trajectory.py:99 - Generating s_curve trajectory: 20 points, 0.89s
2025-08-08 00:08:02 - utils.safety - WARNING - safety.py:98 - ⚠️ Position near limit: hand = 3.140 rad
2025-08-08 00:08:02 - motion.trajectory - DEBUG - trajectory.py:99 - Generating s_curve trajectory: 20 points, 0.89s
2025-08-08 00:08:09 - utils.safety - WARNING - safety.py:98 - ⚠️ Position near limit: hand = 3.140 rad
2025-08-08 00:08:09 - motion.trajectory - DEBUG - trajectory.py:99 - Generating s_curve trajectory: 20 points, 0.89s
2025-08-08 00:08:16 - calibration.calibration_suite - INFO - calibration_suite.py:631 - ✅     Offset: -0.00 mrad
2025-08-08 00:08:16 - calibration.calibration_suite - INFO - calibration_suite.py:632 - ✅     Accuracy: 0.00 mrad
2025-08-08 00:08:16 - calibration.calibration_suite - INFO - calibration_suite.py:594 - ✅   Calibrating wrist...
2025-08-08 00:08:16 - utils.safety - WARNING - safety.py:98 - ⚠️ Position near limit: hand = 3.140 rad
2025-08-08 00:08:16 - motion.trajectory - DEBUG - trajectory.py:99 - Generating s_curve trajectory: 20 points, 1.78s
2025-08-08 00:08:23 - utils.safety - WARNING - safety.py:98 - ⚠️ Position near limit: hand = 3.140 rad
2025-08-08 00:08:23 - motion.trajectory - DEBUG - trajectory.py:99 - Generating s_curve trajectory: 20 points, 0.89s
2025-08-08 00:08:30 - utils.safety - WARNING - safety.py:98 - ⚠️ Position near limit: hand = 3.140 rad
2025-08-08 00:08:30 - motion.trajectory - DEBUG - trajectory.py:99 - Generating s_curve trajectory: 20 points, 0.89s
2025-08-08 00:08:37 - utils.safety - WARNING - safety.py:98 - ⚠️ Position near limit: hand = 3.140 rad
2025-08-08 00:08:37 - motion.trajectory - DEBUG - trajectory.py:99 - Generating s_curve trajectory: 20 points, 0.89s
2025-08-08 00:08:43 - __main__ - WARNING - main.py:76 - ⚠️ Emergency stop triggered by user (Ctrl+C)
2025-08-08 00:08:43 - core.controller - WARNING - controller.py:341 - ⚠️ 🚨 EMERGENCY STOP
2025-08-08 00:08:43 - core.controller - INFO - controller.py:330 - ✅ Torque disabled
2025-08-08 00:08:43 - safety.safety_system - WARNING - safety_system.py:170 - ⚠️ ⚠️ EMERGENCY STOP: User interrupt (Ctrl+C)
2025-08-08 00:08:44 - safety.safety_system - INFO - safety_system.py:202 - ✅ Emergency stop executed (torque maintained)
2025-08-08 00:08:44 - core.controller - INFO - controller.py:295 - ✅ Moving to home position...
2025-08-08 00:08:44 - core.controller - WARNING - controller.py:227 - ⚠️ Movement blocked - emergency stop active
2025-08-08 00:08:44 - safety.safety_system - INFO - safety_system.py:248 - ✅ Starting graceful shutdown: user_request
2025-08-08 00:08:46 - safety.safety_system - INFO - safety_system.py:263 - ✅ Moving to home position...
2025-08-08 00:08:46 - core.controller - INFO - controller.py:295 - ✅ Moving to home position...
2025-08-08 00:08:46 - core.controller - WARNING - controller.py:227 - ⚠️ Movement blocked - emergency stop active
2025-08-08 00:08:47 - safety.safety_system - INFO - safety_system.py:276 - ✅ ✅ Graceful shutdown complete
2025-08-08 00:08:47 - safety.safety_system - INFO - safety_system.py:248 - ✅ Starting graceful shutdown: user_request
2025-08-08 00:08:49 - safety.safety_system - INFO - safety_system.py:263 - ✅ Moving to home position...
2025-08-08 00:08:49 - core.controller - INFO - controller.py:295 - ✅ Moving to home position...
2025-08-08 00:08:49 - core.controller - WARNING - controller.py:227 - ⚠️ Movement blocked - emergency stop active
2025-08-08 00:08:50 - safety.safety_system - INFO - safety_system.py:276 - ✅ ✅ Graceful shutdown complete
