2025-08-07 10:08:52 - utils.logger - INFO - logger.py:126 - ✅ ============================================================
2025-08-07 10:08:52 - utils.logger - INFO - logger.py:127 - ✅ RoArm M3 Logging System Initialized
2025-08-07 10:08:52 - utils.logger - INFO - logger.py:128 - ✅ Log directory: /Users/michaelfleischer/Desktop/RoArmM3v1/logs
2025-08-07 10:08:52 - utils.logger - INFO - logger.py:129 - ✅ ============================================================
2025-08-07 10:08:52 - utils.logger - INFO - logger.py:223 - ✅ Logging level set to INFO
2025-08-07 10:08:58 - core.serial_comm - INFO - serial_comm.py:295 - ✅ Found port: /dev/cu.debug-console - n/a
2025-08-07 10:08:58 - core.serial_comm - INFO - serial_comm.py:295 - ✅ Found port: /dev/cu.Bluetooth-Incoming-Port - n/a
2025-08-07 10:08:58 - core.serial_comm - INFO - serial_comm.py:314 - ✅ Found USB serial port: /dev/cu.debug-console
2025-08-07 10:09:06 - core.serial_comm - INFO - serial_comm.py:50 - ✅ SerialManager initialized for /dev/tty.usbserial-110
2025-08-07 10:09:06 - motion.trajectory - DEBUG - trajectory.py:54 - Trajectory Generator initialized (rate: 100.0 Hz)
2025-08-07 10:09:06 - utils.safety - INFO - safety.py:67 - ✅ SafetyMonitor initialized
2025-08-07 10:09:26 - core.serial_comm - INFO - serial_comm.py:314 - ✅ Found USB serial port: /dev/cu.debug-console
2025-08-07 10:09:26 - core.serial_comm - INFO - serial_comm.py:50 - ✅ SerialManager initialized for /dev/cu.debug-console
2025-08-07 10:09:26 - motion.trajectory - DEBUG - trajectory.py:54 - Trajectory Generator initialized (rate: 100.0 Hz)
2025-08-07 10:09:26 - utils.safety - INFO - safety.py:67 - ✅ SafetyMonitor initialized
2025-08-07 10:09:38 - core.controller - INFO - controller.py:300 - ✅ Moving to home position...
2025-08-07 10:09:38 - utils.safety - WARNING - safety.py:98 - ⚠️ Position near limit: hand = 3.140 rad
2025-08-07 10:09:39 - core.controller - INFO - controller.py:300 - ✅ Moving to home position...
2025-08-07 10:09:39 - utils.safety - WARNING - safety.py:98 - ⚠️ Position near limit: hand = 3.140 rad
2025-08-07 10:09:40 - core.serial_comm - INFO - serial_comm.py:110 - ✅ Disconnected from serial port
2025-08-07 10:09:40 - core.controller - INFO - controller.py:143 - ✅ ✅ Disconnected from RoArm
2025-08-07 10:09:40 - core.controller - INFO - controller.py:300 - ✅ Moving to home position...
2025-08-07 10:09:40 - utils.safety - WARNING - safety.py:98 - ⚠️ Position near limit: hand = 3.140 rad
2025-08-07 10:09:41 - core.controller - INFO - controller.py:300 - ✅ Moving to home position...
2025-08-07 10:09:41 - utils.safety - WARNING - safety.py:98 - ⚠️ Position near limit: hand = 3.140 rad
2025-08-07 10:09:42 - core.serial_comm - INFO - serial_comm.py:110 - ✅ Disconnected from serial port
2025-08-07 10:09:42 - core.controller - INFO - controller.py:143 - ✅ ✅ Disconnected from RoArm
2025-08-07 10:11:25 - utils.logger - INFO - logger.py:126 - ✅ ============================================================
2025-08-07 10:11:25 - utils.logger - INFO - logger.py:127 - ✅ RoArm M3 Logging System Initialized
2025-08-07 10:11:25 - utils.logger - INFO - logger.py:128 - ✅ Log directory: /Users/michaelfleischer/Desktop/RoArmM3v1/logs
2025-08-07 10:11:25 - utils.logger - INFO - logger.py:129 - ✅ ============================================================
2025-08-07 10:11:25 - utils.logger - INFO - logger.py:223 - ✅ Logging level set to INFO
2025-08-07 10:11:34 - core.serial_comm - INFO - serial_comm.py:295 - ✅ Found port: /dev/cu.debug-console - n/a
2025-08-07 10:11:34 - core.serial_comm - INFO - serial_comm.py:295 - ✅ Found port: /dev/cu.Bluetooth-Incoming-Port - n/a
2025-08-07 10:11:34 - core.serial_comm - INFO - serial_comm.py:314 - ✅ Found USB serial port: /dev/cu.debug-console
2025-08-07 10:11:40 - core.serial_comm - INFO - serial_comm.py:50 - ✅ SerialManager initialized for /dev/tty.usbserial-110
2025-08-07 10:11:40 - motion.trajectory - DEBUG - trajectory.py:54 - Trajectory Generator initialized (rate: 100.0 Hz)
2025-08-07 10:11:40 - utils.safety - INFO - safety.py:67 - ✅ SafetyMonitor initialized
2025-08-07 10:32:56 - utils.logger - INFO - logger.py:126 - ✅ ============================================================
2025-08-07 10:32:56 - utils.logger - INFO - logger.py:127 - ✅ RoArm M3 Logging System Initialized
2025-08-07 10:32:56 - utils.logger - INFO - logger.py:128 - ✅ Log directory: /Users/michaelfleischer/Desktop/RoArmM3v1/logs
2025-08-07 10:32:56 - utils.logger - INFO - logger.py:129 - ✅ ============================================================
2025-08-07 10:32:56 - utils.logger - INFO - logger.py:223 - ✅ Logging level set to INFO
2025-08-07 10:33:00 - core.serial_comm - INFO - serial_comm.py:295 - ✅ Found port: /dev/cu.debug-console - n/a
2025-08-07 10:33:00 - core.serial_comm - INFO - serial_comm.py:295 - ✅ Found port: /dev/cu.Bluetooth-Incoming-Port - n/a
2025-08-07 10:33:06 - core.serial_comm - INFO - serial_comm.py:50 - ✅ SerialManager initialized for /dev/tty.usbserial-110
2025-08-07 10:33:06 - motion.trajectory - DEBUG - trajectory.py:54 - Trajectory Generator initialized (rate: 100.0 Hz)
2025-08-07 10:33:06 - utils.safety - INFO - safety.py:67 - ✅ SafetyMonitor initialized
2025-08-07 10:36:37 - core.serial_comm - INFO - serial_comm.py:295 - ✅ Found port: /dev/cu.debug-console - n/a
2025-08-07 10:36:37 - core.serial_comm - INFO - serial_comm.py:295 - ✅ Found port: /dev/cu.Bluetooth-Incoming-Port - n/a
2025-08-07 10:36:39 - core.serial_comm - INFO - serial_comm.py:295 - ✅ Found port: /dev/cu.debug-console - n/a
2025-08-07 10:36:39 - core.serial_comm - INFO - serial_comm.py:295 - ✅ Found port: /dev/cu.Bluetooth-Incoming-Port - n/a
2025-08-07 10:36:40 - core.serial_comm - INFO - serial_comm.py:295 - ✅ Found port: /dev/cu.debug-console - n/a
2025-08-07 10:36:40 - core.serial_comm - INFO - serial_comm.py:295 - ✅ Found port: /dev/cu.Bluetooth-Incoming-Port - n/a
2025-08-07 10:36:41 - core.serial_comm - INFO - serial_comm.py:295 - ✅ Found port: /dev/cu.debug-console - n/a
2025-08-07 10:36:41 - core.serial_comm - INFO - serial_comm.py:295 - ✅ Found port: /dev/cu.Bluetooth-Incoming-Port - n/a
2025-08-07 10:36:42 - core.serial_comm - INFO - serial_comm.py:295 - ✅ Found port: /dev/cu.debug-console - n/a
2025-08-07 10:36:42 - core.serial_comm - INFO - serial_comm.py:295 - ✅ Found port: /dev/cu.Bluetooth-Incoming-Port - n/a
2025-08-07 10:38:29 - utils.logger - INFO - logger.py:126 - ✅ ============================================================
2025-08-07 10:38:29 - utils.logger - INFO - logger.py:127 - ✅ RoArm M3 Logging System Initialized
2025-08-07 10:38:29 - utils.logger - INFO - logger.py:128 - ✅ Log directory: /Users/michaelfleischer/Desktop/RoArmM3v1/logs
2025-08-07 10:38:29 - utils.logger - INFO - logger.py:129 - ✅ ============================================================
2025-08-07 10:38:29 - utils.logger - INFO - logger.py:223 - ✅ Logging level set to INFO
2025-08-07 10:38:35 - core.serial_comm - INFO - serial_comm.py:295 - ✅ Found port: /dev/cu.debug-console - n/a
2025-08-07 10:38:35 - core.serial_comm - INFO - serial_comm.py:295 - ✅ Found port: /dev/cu.Bluetooth-Incoming-Port - n/a
2025-08-07 10:38:41 - core.serial_comm - INFO - serial_comm.py:50 - ✅ SerialManager initialized for /dev/tty.usbserial-110
2025-08-07 10:38:41 - motion.trajectory - DEBUG - trajectory.py:54 - Trajectory Generator initialized (rate: 100.0 Hz)
2025-08-07 10:38:41 - utils.safety - INFO - safety.py:67 - ✅ SafetyMonitor initialized
2025-08-07 10:38:51 - core.serial_comm - INFO - serial_comm.py:295 - ✅ Found port: /dev/cu.debug-console - n/a
2025-08-07 10:38:51 - core.serial_comm - INFO - serial_comm.py:295 - ✅ Found port: /dev/cu.Bluetooth-Incoming-Port - n/a
2025-08-07 10:38:52 - core.serial_comm - INFO - serial_comm.py:295 - ✅ Found port: /dev/cu.debug-console - n/a
2025-08-07 10:38:52 - core.serial_comm - INFO - serial_comm.py:295 - ✅ Found port: /dev/cu.Bluetooth-Incoming-Port - n/a
2025-08-07 10:59:04 - utils.logger - INFO - logger.py:126 - ✅ ============================================================
2025-08-07 10:59:04 - utils.logger - INFO - logger.py:127 - ✅ RoArm M3 Logging System Initialized
2025-08-07 10:59:04 - utils.logger - INFO - logger.py:128 - ✅ Log directory: /Users/michaelfleischer/Desktop/RoArmM3v1/logs
2025-08-07 10:59:04 - utils.logger - INFO - logger.py:129 - ✅ ============================================================
2025-08-07 10:59:04 - utils.logger - INFO - logger.py:223 - ✅ Logging level set to INFO
2025-08-07 10:59:18 - utils.debug_mode - INFO - debug_mode.py:69 - ✅ 🔧 MockSerialManager initialized (port=MOCK_PORT)
2025-08-07 10:59:19 - utils.debug_mode - INFO - debug_mode.py:75 - ✅ ✅ [MOCK] Connected to virtual RoArm
2025-08-07 10:59:19 - utils.debug_mode - INFO - debug_mode.py:220 - ✅ 🎮 MockController initialized (mode=realistic)
2025-08-07 10:59:19 - teaching.recorder - INFO - recorder.py:212 - ✅ Teaching Recorder initialized
2025-08-07 10:59:19 - calibration.calibration_suite - WARNING - calibration_suite.py:241 - ⚠️ No calibration file found at calibration/system_calibration.json
2025-08-07 10:59:19 - calibration.calibration_suite - WARNING - calibration_suite.py:779 - ⚠️ No valid calibration found - using defaults
2025-08-07 10:59:19 - calibration.calibration_suite - INFO - calibration_suite.py:272 - ✅ Calibration Suite initialized
2025-08-07 10:59:38 - utils.debug_mode - INFO - debug_mode.py:274 - ✅ ✅ [MOCK] Moved to position (distance=0.700 rad)
2025-08-07 10:59:38 - utils.debug_mode - INFO - debug_mode.py:279 - ✅ [MOCK] Moving to home position...
2025-08-07 10:59:39 - utils.debug_mode - INFO - debug_mode.py:274 - ✅ ✅ [MOCK] Moved to position (distance=0.700 rad)
2025-08-07 10:59:39 - utils.debug_mode - INFO - debug_mode.py:274 - ✅ ✅ [MOCK] Moved to position (distance=2.060 rad)
2025-08-07 10:59:40 - utils.debug_mode - INFO - debug_mode.py:274 - ✅ ✅ [MOCK] Moved to position (distance=2.060 rad)
2025-08-07 10:59:40 - utils.debug_mode - WARNING - debug_mode.py:312 - ⚠️ 🚨 [MOCK] EMERGENCY STOP
2025-08-07 10:59:40 - utils.debug_mode - INFO - debug_mode.py:320 - ✅ [MOCK] Emergency stop reset
2025-08-07 10:59:40 - patterns.scan_patterns - INFO - scan_patterns.py:175 - ✅ Generated 4 raster scan points
2025-08-07 10:59:40 - utils.debug_mode - INFO - debug_mode.py:344 - ✅ [MOCK] Executing pattern: Raster Scan (4 points)
2025-08-07 10:59:40 - utils.debug_mode - INFO - debug_mode.py:274 - ✅ ✅ [MOCK] Moved to position (distance=4.635 rad)
2025-08-07 10:59:40 - utils.debug_mode - INFO - debug_mode.py:274 - ✅ ✅ [MOCK] Moved to position (distance=0.267 rad)
2025-08-07 10:59:40 - utils.debug_mode - INFO - debug_mode.py:371 - ✅ ✅ [MOCK] Pattern completed: Raster Scan
2025-08-07 10:59:40 - teaching.recorder - INFO - recorder.py:252 - ✅ Started recording 'test_seq' in manual mode
2025-08-07 10:59:40 - teaching.recorder - INFO - recorder.py:347 - ✅ Waypoint 1 recorded (speed=1.0, acc=2.0)
2025-08-07 10:59:40 - teaching.recorder - INFO - recorder.py:347 - ✅ Waypoint 2 recorded (speed=1.0, acc=2.0)
2025-08-07 10:59:40 - teaching.recorder - INFO - recorder.py:293 - ✅ Recording stopped: 2 waypoints in 0.2s
2025-08-07 10:59:40 - utils.debug_mode - INFO - debug_mode.py:274 - ✅ ✅ [MOCK] Moved to position (distance=0.270 rad)
2025-08-07 10:59:40 - utils.debug_mode - INFO - debug_mode.py:380 - ✅ [MOCK] Disconnecting...
2025-08-07 10:59:40 - utils.debug_mode - INFO - debug_mode.py:81 - ✅ 🔌 [MOCK] Disconnected from virtual RoArm
2025-08-07 11:01:24 - utils.logger - INFO - logger.py:126 - ✅ ============================================================
2025-08-07 11:01:24 - utils.logger - INFO - logger.py:127 - ✅ RoArm M3 Logging System Initialized
2025-08-07 11:01:24 - utils.logger - INFO - logger.py:128 - ✅ Log directory: /Users/michaelfleischer/Desktop/RoArmM3v1/logs
2025-08-07 11:01:24 - utils.logger - INFO - logger.py:129 - ✅ ============================================================
2025-08-07 11:01:24 - utils.logger - INFO - logger.py:223 - ✅ Logging level set to INFO
2025-08-07 11:01:31 - utils.debug_mode - INFO - debug_mode.py:69 - ✅ 🔧 MockSerialManager initialized (port=MOCK_PORT)
2025-08-07 11:01:31 - utils.debug_mode - INFO - debug_mode.py:75 - ✅ ✅ [MOCK] Connected to virtual RoArm
2025-08-07 11:01:31 - utils.debug_mode - INFO - debug_mode.py:220 - ✅ 🎮 MockController initialized (mode=realistic)
2025-08-07 11:01:31 - teaching.recorder - INFO - recorder.py:212 - ✅ Teaching Recorder initialized
2025-08-07 11:01:31 - calibration.calibration_suite - WARNING - calibration_suite.py:241 - ⚠️ No calibration file found at calibration/system_calibration.json
2025-08-07 11:01:31 - calibration.calibration_suite - WARNING - calibration_suite.py:779 - ⚠️ No valid calibration found - using defaults
2025-08-07 11:01:31 - calibration.calibration_suite - INFO - calibration_suite.py:272 - ✅ Calibration Suite initialized
2025-08-07 11:01:41 - utils.debug_mode - INFO - debug_mode.py:274 - ✅ ✅ [MOCK] Moved to position (distance=0.100 rad)
2025-08-07 11:01:45 - utils.debug_mode - INFO - debug_mode.py:274 - ✅ ✅ [MOCK] Moved to position (distance=0.100 rad)
2025-08-07 11:01:50 - utils.debug_mode - INFO - debug_mode.py:274 - ✅ ✅ [MOCK] Moved to position (distance=0.100 rad)
2025-08-07 11:01:50 - utils.debug_mode - INFO - debug_mode.py:274 - ✅ ✅ [MOCK] Moved to position (distance=0.100 rad)
2025-08-07 11:02:02 - patterns.scan_patterns - INFO - scan_patterns.py:175 - ✅ Generated 25 raster scan points
2025-08-07 11:02:02 - utils.debug_mode - INFO - debug_mode.py:344 - ✅ [MOCK] Executing pattern: Raster Scan (25 points)
2025-08-07 11:02:02 - utils.debug_mode - INFO - debug_mode.py:274 - ✅ ✅ [MOCK] Moved to position (distance=4.818 rad)
2025-08-07 11:02:02 - utils.debug_mode - INFO - debug_mode.py:360 - ✅ [MOCK] Pattern progress: 40.0%
2025-08-07 11:02:02 - utils.debug_mode - INFO - debug_mode.py:360 - ✅ [MOCK] Pattern progress: 80.0%
2025-08-07 11:02:02 - utils.debug_mode - INFO - debug_mode.py:274 - ✅ ✅ [MOCK] Moved to position (distance=1.369 rad)
2025-08-07 11:02:02 - utils.debug_mode - INFO - debug_mode.py:371 - ✅ ✅ [MOCK] Pattern completed: Raster Scan
2025-08-07 11:02:18 - teaching.recorder - INFO - recorder.py:252 - ✅ Started recording 'ss' in manual mode
2025-08-07 11:02:32 - utils.debug_mode - INFO - debug_mode.py:279 - ✅ [MOCK] Moving to home position...
2025-08-07 11:02:32 - utils.debug_mode - INFO - debug_mode.py:274 - ✅ ✅ [MOCK] Moved to position (distance=5.011 rad)
2025-08-07 11:02:41 - utils.debug_mode - INFO - debug_mode.py:274 - ✅ ✅ [MOCK] Moved to position (distance=0.700 rad)
2025-08-07 11:02:41 - utils.debug_mode - INFO - debug_mode.py:279 - ✅ [MOCK] Moving to home position...
2025-08-07 11:02:41 - utils.debug_mode - INFO - debug_mode.py:274 - ✅ ✅ [MOCK] Moved to position (distance=0.700 rad)
2025-08-07 11:02:42 - utils.debug_mode - INFO - debug_mode.py:274 - ✅ ✅ [MOCK] Moved to position (distance=2.060 rad)
2025-08-07 11:02:42 - utils.debug_mode - INFO - debug_mode.py:274 - ✅ ✅ [MOCK] Moved to position (distance=2.060 rad)
2025-08-07 11:02:42 - utils.debug_mode - WARNING - debug_mode.py:312 - ⚠️ 🚨 [MOCK] EMERGENCY STOP
2025-08-07 11:02:42 - utils.debug_mode - INFO - debug_mode.py:320 - ✅ [MOCK] Emergency stop reset
2025-08-07 11:02:42 - patterns.scan_patterns - INFO - scan_patterns.py:175 - ✅ Generated 4 raster scan points
2025-08-07 11:02:42 - utils.debug_mode - INFO - debug_mode.py:344 - ✅ [MOCK] Executing pattern: Raster Scan (4 points)
2025-08-07 11:02:42 - utils.debug_mode - INFO - debug_mode.py:274 - ✅ ✅ [MOCK] Moved to position (distance=4.635 rad)
2025-08-07 11:02:42 - utils.debug_mode - INFO - debug_mode.py:274 - ✅ ✅ [MOCK] Moved to position (distance=0.267 rad)
2025-08-07 11:02:42 - utils.debug_mode - INFO - debug_mode.py:371 - ✅ ✅ [MOCK] Pattern completed: Raster Scan
2025-08-07 11:02:42 - teaching.recorder - WARNING - recorder.py:231 - ⚠️ Already recording
2025-08-07 11:02:43 - utils.debug_mode - INFO - debug_mode.py:274 - ✅ ✅ [MOCK] Moved to position (distance=0.270 rad)
2025-08-07 11:02:59 - utils.debug_mode - INFO - debug_mode.py:380 - ✅ [MOCK] Disconnecting...
2025-08-07 11:02:59 - utils.debug_mode - INFO - debug_mode.py:81 - ✅ 🔌 [MOCK] Disconnected from virtual RoArm
2025-08-07 11:49:57 - utils.logger - INFO - logger.py:126 - ✅ ============================================================
2025-08-07 11:49:57 - utils.logger - INFO - logger.py:127 - ✅ RoArm M3 Logging System Initialized
2025-08-07 11:49:57 - utils.logger - INFO - logger.py:128 - ✅ Log directory: /Users/michaelfleischer/Desktop/RoArmM3v1/logs
2025-08-07 11:49:57 - utils.logger - INFO - logger.py:129 - ✅ ============================================================
2025-08-07 11:49:57 - utils.logger - INFO - logger.py:223 - ✅ Logging level set to INFO
2025-08-07 11:50:02 - utils.debug_mode - INFO - debug_mode.py:69 - ✅ 🔧 MockSerialManager initialized (port=MOCK_PORT)
2025-08-07 11:50:02 - utils.debug_mode - INFO - debug_mode.py:75 - ✅ ✅ [MOCK] Connected to virtual RoArm
2025-08-07 11:50:02 - utils.debug_mode - INFO - debug_mode.py:220 - ✅ 🎮 MockController initialized (mode=failure)
2025-08-07 11:50:02 - teaching.recorder - INFO - recorder.py:212 - ✅ Teaching Recorder initialized
2025-08-07 11:50:02 - calibration.calibration_suite - WARNING - calibration_suite.py:241 - ⚠️ No calibration file found at calibration/system_calibration.json
2025-08-07 11:50:02 - calibration.calibration_suite - WARNING - calibration_suite.py:779 - ⚠️ No valid calibration found - using defaults
2025-08-07 11:50:02 - calibration.calibration_suite - INFO - calibration_suite.py:272 - ✅ Calibration Suite initialized
2025-08-07 12:17:12 - utils.debug_mode - INFO - debug_mode.py:380 - ✅ [MOCK] Disconnecting...
2025-08-07 12:17:12 - utils.debug_mode - INFO - debug_mode.py:81 - ✅ 🔌 [MOCK] Disconnected from virtual RoArm
2025-08-07 12:17:16 - utils.logger - INFO - logger.py:126 - ✅ ============================================================
2025-08-07 12:17:16 - utils.logger - INFO - logger.py:127 - ✅ RoArm M3 Logging System Initialized
2025-08-07 12:17:16 - utils.logger - INFO - logger.py:128 - ✅ Log directory: /Users/michaelfleischer/Desktop/RoArmM3v1/logs
2025-08-07 12:17:16 - utils.logger - INFO - logger.py:129 - ✅ ============================================================
2025-08-07 12:17:16 - utils.logger - INFO - logger.py:223 - ✅ Logging level set to INFO
2025-08-07 12:17:16 - core.serial_comm - INFO - serial_comm.py:50 - ✅ SerialManager initialized for /dev/tty.usbserial-110
2025-08-07 12:17:16 - motion.trajectory - DEBUG - trajectory.py:54 - Trajectory Generator initialized (rate: 100.0 Hz)
2025-08-07 12:17:16 - utils.safety - INFO - safety.py:67 - ✅ SafetyMonitor initialized
2025-08-07 12:17:16 - core.serial_comm - ERROR - serial_comm.py:91 - ❌ Serial connection failed: [Errno 2] could not open port /dev/tty.usbserial-110: [Errno 2] No such file or directory: '/dev/tty.usbserial-110'
2025-08-07 12:17:16 - core.controller - ERROR - controller.py:124 - ❌ Failed to connect to RoArm
2025-08-07 12:17:16 - core.controller - INFO - controller.py:300 - ✅ Moving to home position...
2025-08-07 12:17:16 - utils.safety - WARNING - safety.py:98 - ⚠️ Position near limit: hand = 3.140 rad
2025-08-07 12:17:17 - core.controller - INFO - controller.py:300 - ✅ Moving to home position...
2025-08-07 12:17:17 - utils.safety - WARNING - safety.py:98 - ⚠️ Position near limit: hand = 3.140 rad
2025-08-07 12:17:18 - core.serial_comm - INFO - serial_comm.py:110 - ✅ Disconnected from serial port
2025-08-07 12:17:18 - core.controller - INFO - controller.py:143 - ✅ ✅ Disconnected from RoArm
2025-08-07 12:17:48 - utils.logger - INFO - logger.py:126 - ✅ ============================================================
2025-08-07 12:17:48 - utils.logger - INFO - logger.py:127 - ✅ RoArm M3 Logging System Initialized
2025-08-07 12:17:48 - utils.logger - INFO - logger.py:128 - ✅ Log directory: /Users/michaelfleischer/Desktop/RoArmM3v1/logs
2025-08-07 12:17:48 - utils.logger - INFO - logger.py:129 - ✅ ============================================================
2025-08-07 12:17:48 - utils.logger - INFO - logger.py:223 - ✅ Logging level set to INFO
2025-08-07 12:17:48 - core.serial_comm - INFO - serial_comm.py:50 - ✅ SerialManager initialized for /dev/tty.usbserial-110
2025-08-07 12:17:48 - motion.trajectory - DEBUG - trajectory.py:54 - Trajectory Generator initialized (rate: 100.0 Hz)
2025-08-07 12:17:48 - utils.safety - INFO - safety.py:67 - ✅ SafetyMonitor initialized
2025-08-07 12:17:48 - core.serial_comm - ERROR - serial_comm.py:91 - ❌ Serial connection failed: [Errno 2] could not open port /dev/tty.usbserial-110: [Errno 2] No such file or directory: '/dev/tty.usbserial-110'
2025-08-07 12:17:48 - core.controller - ERROR - controller.py:124 - ❌ Failed to connect to RoArm
2025-08-07 12:17:48 - core.controller - INFO - controller.py:300 - ✅ Moving to home position...
2025-08-07 12:17:48 - utils.safety - WARNING - safety.py:98 - ⚠️ Position near limit: hand = 3.140 rad
2025-08-07 12:17:49 - core.controller - INFO - controller.py:300 - ✅ Moving to home position...
2025-08-07 12:17:49 - utils.safety - WARNING - safety.py:98 - ⚠️ Position near limit: hand = 3.140 rad
2025-08-07 12:17:50 - core.serial_comm - INFO - serial_comm.py:110 - ✅ Disconnected from serial port
2025-08-07 12:17:50 - core.controller - INFO - controller.py:143 - ✅ ✅ Disconnected from RoArm
2025-08-07 12:19:12 - utils.logger - INFO - logger.py:126 - ✅ ============================================================
2025-08-07 12:19:12 - utils.logger - INFO - logger.py:127 - ✅ RoArm M3 Logging System Initialized
2025-08-07 12:19:12 - utils.logger - INFO - logger.py:128 - ✅ Log directory: /Users/michaelfleischer/Desktop/RoArmM3v1/logs
2025-08-07 12:19:12 - utils.logger - INFO - logger.py:129 - ✅ ============================================================
2025-08-07 12:19:12 - utils.logger - INFO - logger.py:223 - ✅ Logging level set to INFO
2025-08-07 12:19:58 - utils.logger - INFO - logger.py:126 - ✅ ============================================================
2025-08-07 12:19:58 - utils.logger - INFO - logger.py:127 - ✅ RoArm M3 Logging System Initialized
2025-08-07 12:19:58 - utils.logger - INFO - logger.py:128 - ✅ Log directory: /Users/michaelfleischer/Desktop/RoArmM3v1/logs
2025-08-07 12:19:58 - utils.logger - INFO - logger.py:129 - ✅ ============================================================
2025-08-07 12:19:58 - utils.logger - INFO - logger.py:223 - ✅ Logging level set to INFO
2025-08-07 12:19:58 - core.serial_comm - INFO - serial_comm.py:50 - ✅ SerialManager initialized for /dev/tty.usbserial-110
2025-08-07 12:19:58 - motion.trajectory - DEBUG - trajectory.py:54 - Trajectory Generator initialized (rate: 100.0 Hz)
2025-08-07 12:19:58 - utils.safety - INFO - safety.py:67 - ✅ SafetyMonitor initialized
2025-08-07 12:19:58 - core.serial_comm - ERROR - serial_comm.py:91 - ❌ Serial connection failed: [Errno 2] could not open port /dev/tty.usbserial-110: [Errno 2] No such file or directory: '/dev/tty.usbserial-110'
2025-08-07 12:19:58 - core.controller - ERROR - controller.py:124 - ❌ Failed to connect to RoArm
2025-08-07 12:19:58 - core.controller - INFO - controller.py:300 - ✅ Moving to home position...
2025-08-07 12:19:58 - utils.safety - WARNING - safety.py:98 - ⚠️ Position near limit: hand = 3.140 rad
2025-08-07 12:19:59 - core.controller - INFO - controller.py:300 - ✅ Moving to home position...
2025-08-07 12:19:59 - utils.safety - WARNING - safety.py:98 - ⚠️ Position near limit: hand = 3.140 rad
2025-08-07 12:20:00 - core.serial_comm - INFO - serial_comm.py:110 - ✅ Disconnected from serial port
2025-08-07 12:20:00 - core.controller - INFO - controller.py:143 - ✅ ✅ Disconnected from RoArm
2025-08-07 12:23:30 - utils.logger - INFO - logger.py:126 - ✅ ============================================================
2025-08-07 12:23:30 - utils.logger - INFO - logger.py:127 - ✅ RoArm M3 Logging System Initialized
2025-08-07 12:23:30 - utils.logger - INFO - logger.py:128 - ✅ Log directory: /Users/michaelfleischer/Desktop/RoArmM3v1/logs
2025-08-07 12:23:30 - utils.logger - INFO - logger.py:129 - ✅ ============================================================
2025-08-07 12:23:30 - utils.logger - INFO - logger.py:223 - ✅ Logging level set to INFO
2025-08-07 12:23:30 - core.serial_comm - INFO - serial_comm.py:50 - ✅ SerialManager initialized for /dev/tty.usbserial-110
2025-08-07 12:23:30 - motion.trajectory - DEBUG - trajectory.py:54 - Trajectory Generator initialized (rate: 100.0 Hz)
2025-08-07 12:23:30 - utils.safety - INFO - safety.py:67 - ✅ SafetyMonitor initialized
2025-08-07 12:23:32 - core.serial_comm - INFO - serial_comm.py:87 - ✅ ✅ Connected to /dev/tty.usbserial-110
2025-08-07 12:23:32 - core.controller - INFO - controller.py:114 - ✅ ✅ Connected to RoArm on /dev/tty.usbserial-110
2025-08-07 12:23:32 - core.controller - INFO - controller.py:371 - ✅ Torque enabled
2025-08-07 12:23:32 - core.controller - INFO - controller.py:187 - ✅ Robot initialized
2025-08-07 12:23:32 - teaching.recorder - INFO - recorder.py:212 - ✅ Teaching Recorder initialized
2025-08-07 12:23:32 - calibration.calibration_suite - INFO - calibration_suite.py:237 - ✅ Calibration loaded from calibration/system_calibration.json
2025-08-07 12:23:32 - calibration.calibration_suite - INFO - calibration_suite.py:774 - ✅ ✅ Calibration loaded successfully
2025-08-07 12:23:32 - calibration.calibration_suite - INFO - calibration_suite.py:804 - ✅ Calibration applied to controller
2025-08-07 12:23:32 - calibration.calibration_suite - INFO - calibration_suite.py:272 - ✅ Calibration Suite initialized
2025-08-07 12:23:32 - safety.safety_system - INFO - safety_system.py:152 - ✅ Safety System initialized
2025-08-07 12:23:32 - safety.safety_system - WARNING - safety_system.py:539 - ⚠️ Voltage out of range: 0V
2025-08-07 12:23:33 - safety.safety_system - WARNING - safety_system.py:539 - ⚠️ Voltage out of range: 0V
2025-08-07 12:23:34 - safety.safety_system - WARNING - safety_system.py:539 - ⚠️ Voltage out of range: 0V
2025-08-07 12:23:35 - safety.safety_system - WARNING - safety_system.py:539 - ⚠️ Voltage out of range: 0V
2025-08-07 12:23:36 - safety.safety_system - WARNING - safety_system.py:539 - ⚠️ Voltage out of range: 0V
2025-08-07 12:23:37 - safety.safety_system - WARNING - safety_system.py:539 - ⚠️ Voltage out of range: 0V
2025-08-07 12:23:38 - safety.safety_system - WARNING - safety_system.py:539 - ⚠️ Voltage out of range: 0V
2025-08-07 12:23:39 - safety.safety_system - WARNING - safety_system.py:539 - ⚠️ Voltage out of range: 0V
2025-08-07 12:23:41 - safety.safety_system - WARNING - safety_system.py:539 - ⚠️ Voltage out of range: 0V
2025-08-07 12:23:42 - safety.safety_system - WARNING - safety_system.py:539 - ⚠️ Voltage out of range: 0V
2025-08-07 12:23:43 - safety.safety_system - WARNING - safety_system.py:539 - ⚠️ Voltage out of range: 0V
2025-08-07 12:23:44 - safety.safety_system - WARNING - safety_system.py:539 - ⚠️ Voltage out of range: 0V
2025-08-07 12:23:45 - safety.safety_system - WARNING - safety_system.py:539 - ⚠️ Voltage out of range: 0V
2025-08-07 12:23:46 - safety.safety_system - WARNING - safety_system.py:539 - ⚠️ Voltage out of range: 0V
2025-08-07 12:23:47 - safety.safety_system - WARNING - safety_system.py:539 - ⚠️ Voltage out of range: 0V
2025-08-07 12:23:48 - safety.safety_system - WARNING - safety_system.py:539 - ⚠️ Voltage out of range: 0V
2025-08-07 12:23:49 - safety.safety_system - WARNING - safety_system.py:539 - ⚠️ Voltage out of range: 0V
2025-08-07 12:23:50 - safety.safety_system - WARNING - safety_system.py:539 - ⚠️ Voltage out of range: 0V
2025-08-07 12:23:51 - safety.safety_system - WARNING - safety_system.py:539 - ⚠️ Voltage out of range: 0V
2025-08-07 12:23:52 - safety.safety_system - WARNING - safety_system.py:539 - ⚠️ Voltage out of range: 0V
2025-08-07 12:23:53 - safety.safety_system - WARNING - safety_system.py:539 - ⚠️ Voltage out of range: 0V
2025-08-07 12:23:54 - safety.safety_system - WARNING - safety_system.py:539 - ⚠️ Voltage out of range: 0V
2025-08-07 12:23:55 - safety.safety_system - WARNING - safety_system.py:539 - ⚠️ Voltage out of range: 0V
2025-08-07 12:23:56 - safety.safety_system - WARNING - safety_system.py:539 - ⚠️ Voltage out of range: 0V
2025-08-07 12:23:57 - safety.safety_system - WARNING - safety_system.py:539 - ⚠️ Voltage out of range: 0V
2025-08-07 12:23:58 - safety.safety_system - WARNING - safety_system.py:539 - ⚠️ Voltage out of range: 0V
2025-08-07 12:23:59 - safety.safety_system - WARNING - safety_system.py:539 - ⚠️ Voltage out of range: 0V
2025-08-07 12:24:00 - safety.safety_system - WARNING - safety_system.py:539 - ⚠️ Voltage out of range: 0V
2025-08-07 12:24:01 - safety.safety_system - WARNING - safety_system.py:539 - ⚠️ Voltage out of range: 0V
2025-08-07 12:24:02 - safety.safety_system - WARNING - safety_system.py:539 - ⚠️ Voltage out of range: 0V
2025-08-07 12:24:03 - safety.safety_system - WARNING - safety_system.py:539 - ⚠️ Voltage out of range: 0V
2025-08-07 12:24:04 - safety.safety_system - WARNING - safety_system.py:539 - ⚠️ Voltage out of range: 0V
2025-08-07 12:24:05 - safety.safety_system - WARNING - safety_system.py:539 - ⚠️ Voltage out of range: 0V
2025-08-07 12:24:06 - safety.safety_system - WARNING - safety_system.py:539 - ⚠️ Voltage out of range: 0V
2025-08-07 12:24:07 - safety.safety_system - WARNING - safety_system.py:539 - ⚠️ Voltage out of range: 0V
2025-08-07 12:24:08 - safety.safety_system - WARNING - safety_system.py:539 - ⚠️ Voltage out of range: 0V
2025-08-07 12:24:09 - safety.safety_system - WARNING - safety_system.py:539 - ⚠️ Voltage out of range: 0V
2025-08-07 12:24:10 - safety.safety_system - WARNING - safety_system.py:539 - ⚠️ Voltage out of range: 0V
2025-08-07 12:24:11 - safety.safety_system - WARNING - safety_system.py:539 - ⚠️ Voltage out of range: 0V
2025-08-07 12:24:12 - safety.safety_system - WARNING - safety_system.py:539 - ⚠️ Voltage out of range: 0V
2025-08-07 12:24:14 - safety.safety_system - WARNING - safety_system.py:539 - ⚠️ Voltage out of range: 0V
2025-08-07 12:24:15 - safety.safety_system - WARNING - safety_system.py:539 - ⚠️ Voltage out of range: 0V
2025-08-07 12:24:15 - core.controller - INFO - controller.py:300 - ✅ Moving to home position...
2025-08-07 12:24:15 - utils.safety - WARNING - safety.py:98 - ⚠️ Position near limit: hand = 3.140 rad
2025-08-07 12:24:16 - safety.safety_system - WARNING - safety_system.py:539 - ⚠️ Voltage out of range: 0V
2025-08-07 12:24:17 - safety.safety_system - WARNING - safety_system.py:539 - ⚠️ Voltage out of range: 0V
2025-08-07 12:24:18 - safety.safety_system - WARNING - safety_system.py:539 - ⚠️ Voltage out of range: 0V
2025-08-07 12:24:19 - safety.safety_system - WARNING - safety_system.py:539 - ⚠️ Voltage out of range: 0V
2025-08-07 12:24:20 - safety.safety_system - WARNING - safety_system.py:539 - ⚠️ Voltage out of range: 0V
2025-08-07 12:24:21 - safety.safety_system - WARNING - safety_system.py:539 - ⚠️ Voltage out of range: 0V
2025-08-07 12:24:22 - safety.safety_system - WARNING - safety_system.py:539 - ⚠️ Voltage out of range: 0V
2025-08-07 12:24:23 - safety.safety_system - WARNING - safety_system.py:539 - ⚠️ Voltage out of range: 0V
2025-08-07 12:24:23 - core.controller - WARNING - controller.py:407 - ⚠️ 🚨 EMERGENCY STOP
2025-08-07 12:24:23 - core.controller - INFO - controller.py:371 - ✅ Torque disabled
2025-08-07 12:24:23 - calibration.calibration_suite - INFO - calibration_suite.py:208 - ✅ Calibration saved to calibration/system_calibration.json
2025-08-07 12:24:23 - core.controller - INFO - controller.py:300 - ✅ Moving to home position...
2025-08-07 12:24:23 - core.controller - WARNING - controller.py:250 - ⚠️ Movement blocked - emergency stop active
2025-08-07 12:24:24 - core.controller - INFO - controller.py:300 - ✅ Moving to home position...
2025-08-07 12:24:24 - core.controller - WARNING - controller.py:250 - ⚠️ Movement blocked - emergency stop active
2025-08-07 12:24:26 - core.serial_comm - INFO - serial_comm.py:110 - ✅ Disconnected from serial port
2025-08-07 12:24:26 - core.controller - INFO - controller.py:143 - ✅ ✅ Disconnected from RoArm
2025-08-07 12:24:26 - safety.safety_system - INFO - safety_system.py:737 - ✅ Exit detected - initiating shutdown...
2025-08-07 12:24:26 - safety.safety_system - INFO - safety_system.py:296 - ✅ 🔌 Starting graceful shutdown: user_request
2025-08-07 12:24:26 - safety.safety_system - INFO - safety_system.py:310 - ✅ Phase 1/5: Preparation...
2025-08-07 12:24:26 - core.serial_comm - ERROR - serial_comm.py:129 - ❌ Not connected
2025-08-07 12:24:26 - core.serial_comm - WARNING - serial_comm.py:159 - ⚠️ Response timeout for command: 1
2025-08-07 12:24:26 - core.serial_comm - ERROR - serial_comm.py:129 - ❌ Not connected
2025-08-07 12:24:26 - safety.safety_system - ERROR - safety_system.py:547 - ❌ Communication lost
2025-08-07 12:24:26 - core.serial_comm - ERROR - serial_comm.py:129 - ❌ Not connected
2025-08-07 12:24:26 - core.serial_comm - ERROR - serial_comm.py:129 - ❌ Not connected
2025-08-07 12:24:26 - core.serial_comm - ERROR - serial_comm.py:129 - ❌ Not connected
2025-08-07 12:24:27 - core.serial_comm - ERROR - serial_comm.py:129 - ❌ Not connected
2025-08-07 12:24:27 - core.serial_comm - ERROR - serial_comm.py:129 - ❌ Not connected
2025-08-07 12:24:27 - core.serial_comm - ERROR - serial_comm.py:129 - ❌ Not connected
2025-08-07 12:24:27 - core.serial_comm - ERROR - serial_comm.py:129 - ❌ Not connected
2025-08-07 12:24:27 - safety.safety_system - ERROR - safety_system.py:547 - ❌ Communication lost
2025-08-07 12:24:27 - safety.safety_system - INFO - safety_system.py:315 - ✅ Phase 2/5: Moving to safe position...
2025-08-07 12:24:27 - safety.safety_system - INFO - safety_system.py:377 - ✅ Moving to PARK position...
2025-08-07 12:24:27 - core.controller - WARNING - controller.py:250 - ⚠️ Movement blocked - emergency stop active
2025-08-07 12:24:28 - core.serial_comm - ERROR - serial_comm.py:129 - ❌ Not connected
2025-08-07 12:24:28 - core.serial_comm - ERROR - serial_comm.py:129 - ❌ Not connected
2025-08-07 12:24:28 - safety.safety_system - ERROR - safety_system.py:547 - ❌ Communication lost
2025-08-07 12:24:28 - safety.safety_system - INFO - safety_system.py:321 - ✅ Phase 3/5: Saving state...
2025-08-07 12:24:28 - safety.safety_system - INFO - safety_system.py:408 - ✅ System state saved
2025-08-07 12:24:28 - safety.safety_system - INFO - safety_system.py:325 - ✅ Phase 4/5: Hardware shutdown...
2025-08-07 12:24:28 - safety.safety_system - INFO - safety_system.py:423 - ✅ Reducing torque gradually...
2025-08-07 12:24:29 - safety.safety_system - INFO - safety_system.py:433 - ✅ Disabling torque...
2025-08-07 12:24:29 - core.serial_comm - ERROR - serial_comm.py:129 - ❌ Not connected
2025-08-07 12:24:29 - core.controller - INFO - controller.py:371 - ✅ Torque disabled
2025-08-07 12:24:29 - core.serial_comm - ERROR - serial_comm.py:129 - ❌ Not connected
2025-08-07 12:24:29 - core.serial_comm - ERROR - serial_comm.py:129 - ❌ Not connected
2025-08-07 12:24:29 - safety.safety_system - ERROR - safety_system.py:547 - ❌ Communication lost
2025-08-07 12:24:29 - core.serial_comm - ERROR - serial_comm.py:129 - ❌ Not connected
2025-08-07 12:24:29 - safety.safety_system - INFO - safety_system.py:329 - ✅ Phase 5/5: Cleanup...
2025-08-07 12:24:30 - safety.safety_system - INFO - safety_system.py:453 - ✅ Closing serial connection...
2025-08-07 12:24:30 - core.serial_comm - INFO - serial_comm.py:110 - ✅ Disconnected from serial port
2025-08-07 12:24:30 - safety.safety_system - INFO - safety_system.py:712 - ✅ Event log saved to safety/events_20250807_122430.json
2025-08-07 12:24:30 - safety.safety_system - INFO - safety_system.py:333 - ✅ ✅ Graceful shutdown complete
2025-08-07 12:24:30 - core.serial_comm - ERROR - serial_comm.py:129 - ❌ Not connected
2025-08-07 12:24:38 - utils.logger - INFO - logger.py:126 - ✅ ============================================================
2025-08-07 12:24:38 - utils.logger - INFO - logger.py:127 - ✅ RoArm M3 Logging System Initialized
2025-08-07 12:24:38 - utils.logger - INFO - logger.py:128 - ✅ Log directory: /Users/michaelfleischer/Desktop/RoArmM3v1/logs
2025-08-07 12:24:38 - utils.logger - INFO - logger.py:129 - ✅ ============================================================
2025-08-07 12:24:38 - utils.logger - INFO - logger.py:223 - ✅ Logging level set to INFO
2025-08-07 12:24:38 - core.serial_comm - INFO - serial_comm.py:50 - ✅ SerialManager initialized for /dev/tty.usbserial-110
2025-08-07 12:24:38 - motion.trajectory - DEBUG - trajectory.py:54 - Trajectory Generator initialized (rate: 100.0 Hz)
2025-08-07 12:24:38 - utils.safety - INFO - safety.py:67 - ✅ SafetyMonitor initialized
2025-08-07 12:24:40 - core.serial_comm - INFO - serial_comm.py:87 - ✅ ✅ Connected to /dev/tty.usbserial-110
2025-08-07 12:24:40 - core.controller - INFO - controller.py:114 - ✅ ✅ Connected to RoArm on /dev/tty.usbserial-110
2025-08-07 12:24:41 - core.controller - INFO - controller.py:371 - ✅ Torque enabled
2025-08-07 12:24:41 - core.controller - INFO - controller.py:187 - ✅ Robot initialized
2025-08-07 12:24:41 - teaching.recorder - INFO - recorder.py:212 - ✅ Teaching Recorder initialized
2025-08-07 12:24:41 - calibration.calibration_suite - INFO - calibration_suite.py:237 - ✅ Calibration loaded from calibration/system_calibration.json
2025-08-07 12:24:41 - calibration.calibration_suite - INFO - calibration_suite.py:774 - ✅ ✅ Calibration loaded successfully
2025-08-07 12:24:41 - calibration.calibration_suite - INFO - calibration_suite.py:804 - ✅ Calibration applied to controller
2025-08-07 12:24:41 - calibration.calibration_suite - INFO - calibration_suite.py:272 - ✅ Calibration Suite initialized
2025-08-07 12:24:41 - safety.safety_system - INFO - safety_system.py:152 - ✅ Safety System initialized
2025-08-07 12:24:41 - safety.safety_system - WARNING - safety_system.py:539 - ⚠️ Voltage out of range: 0V
2025-08-07 12:24:42 - safety.safety_system - WARNING - safety_system.py:539 - ⚠️ Voltage out of range: 0V
2025-08-07 12:24:43 - safety.safety_system - WARNING - safety_system.py:539 - ⚠️ Voltage out of range: 0V
2025-08-07 12:24:44 - safety.safety_system - WARNING - safety_system.py:539 - ⚠️ Voltage out of range: 0V
2025-08-07 12:24:45 - safety.safety_system - WARNING - safety_system.py:539 - ⚠️ Voltage out of range: 0V
2025-08-07 12:24:46 - safety.safety_system - WARNING - safety_system.py:539 - ⚠️ Voltage out of range: 0V
2025-08-07 12:24:47 - safety.safety_system - WARNING - safety_system.py:539 - ⚠️ Voltage out of range: 0V
2025-08-07 12:24:48 - safety.safety_system - WARNING - safety_system.py:539 - ⚠️ Voltage out of range: 0V
2025-08-07 12:24:49 - safety.safety_system - WARNING - safety_system.py:539 - ⚠️ Voltage out of range: 0V
2025-08-07 12:24:50 - safety.safety_system - WARNING - safety_system.py:539 - ⚠️ Voltage out of range: 0V
2025-08-07 12:24:50 - calibration.calibration_suite - INFO - calibration_suite.py:208 - ✅ Calibration saved to calibration/system_calibration.json
2025-08-07 12:24:50 - core.controller - INFO - controller.py:300 - ✅ Moving to home position...
2025-08-07 12:24:50 - utils.safety - WARNING - safety.py:98 - ⚠️ Position near limit: hand = 3.140 rad
2025-08-07 12:24:51 - safety.safety_system - WARNING - safety_system.py:539 - ⚠️ Voltage out of range: 0V
2025-08-07 12:24:51 - core.controller - INFO - controller.py:300 - ✅ Moving to home position...
2025-08-07 12:24:51 - utils.safety - WARNING - safety.py:98 - ⚠️ Position near limit: hand = 3.140 rad
2025-08-07 12:24:52 - safety.safety_system - WARNING - safety_system.py:539 - ⚠️ Voltage out of range: 0V
2025-08-07 12:24:53 - core.serial_comm - INFO - serial_comm.py:110 - ✅ Disconnected from serial port
2025-08-07 12:24:53 - core.controller - INFO - controller.py:143 - ✅ ✅ Disconnected from RoArm
2025-08-07 12:24:53 - safety.safety_system - INFO - safety_system.py:737 - ✅ Exit detected - initiating shutdown...
2025-08-07 12:24:53 - safety.safety_system - INFO - safety_system.py:296 - ✅ 🔌 Starting graceful shutdown: user_request
2025-08-07 12:24:53 - safety.safety_system - INFO - safety_system.py:310 - ✅ Phase 1/5: Preparation...
2025-08-07 12:24:53 - core.serial_comm - ERROR - serial_comm.py:129 - ❌ Not connected
2025-08-07 12:24:53 - core.serial_comm - ERROR - serial_comm.py:129 - ❌ Not connected
2025-08-07 12:24:53 - core.serial_comm - ERROR - serial_comm.py:129 - ❌ Not connected
2025-08-07 12:24:53 - core.serial_comm - ERROR - serial_comm.py:129 - ❌ Not connected
2025-08-07 12:24:53 - safety.safety_system - ERROR - safety_system.py:547 - ❌ Communication lost
2025-08-07 12:24:53 - core.serial_comm - ERROR - serial_comm.py:129 - ❌ Not connected
2025-08-07 12:24:53 - core.serial_comm - ERROR - serial_comm.py:129 - ❌ Not connected
2025-08-07 12:24:54 - core.serial_comm - ERROR - serial_comm.py:129 - ❌ Not connected
2025-08-07 12:24:54 - core.serial_comm - ERROR - serial_comm.py:129 - ❌ Not connected
2025-08-07 12:24:54 - safety.safety_system - INFO - safety_system.py:315 - ✅ Phase 2/5: Moving to safe position...
2025-08-07 12:24:54 - safety.safety_system - INFO - safety_system.py:377 - ✅ Moving to PARK position...
2025-08-07 12:24:54 - utils.safety - WARNING - safety.py:98 - ⚠️ Position near limit: shoulder = -1.570 rad
2025-08-07 12:24:54 - utils.safety - WARNING - safety.py:98 - ⚠️ Position near limit: elbow = 3.140 rad
2025-08-07 12:24:54 - utils.safety - WARNING - safety.py:98 - ⚠️ Position near limit: hand = 3.140 rad
2025-08-07 12:24:54 - core.serial_comm - ERROR - serial_comm.py:129 - ❌ Not connected
2025-08-07 12:24:54 - core.serial_comm - ERROR - serial_comm.py:129 - ❌ Not connected
2025-08-07 12:24:54 - safety.safety_system - ERROR - safety_system.py:547 - ❌ Communication lost
2025-08-07 12:24:55 - core.serial_comm - ERROR - serial_comm.py:129 - ❌ Not connected
2025-08-07 12:24:55 - core.serial_comm - ERROR - serial_comm.py:129 - ❌ Not connected
2025-08-07 12:24:55 - safety.safety_system - ERROR - safety_system.py:547 - ❌ Communication lost
2025-08-07 12:24:56 - core.serial_comm - ERROR - serial_comm.py:129 - ❌ Not connected
2025-08-07 12:24:56 - core.serial_comm - ERROR - serial_comm.py:129 - ❌ Not connected
2025-08-07 12:24:56 - safety.safety_system - ERROR - safety_system.py:547 - ❌ Communication lost
2025-08-07 12:24:57 - core.serial_comm - ERROR - serial_comm.py:129 - ❌ Not connected
2025-08-07 12:24:57 - core.serial_comm - ERROR - serial_comm.py:129 - ❌ Not connected
2025-08-07 12:24:57 - safety.safety_system - ERROR - safety_system.py:547 - ❌ Communication lost
2025-08-07 12:24:58 - core.serial_comm - ERROR - serial_comm.py:129 - ❌ Not connected
2025-08-07 12:24:58 - core.serial_comm - ERROR - serial_comm.py:129 - ❌ Not connected
2025-08-07 12:24:58 - safety.safety_system - ERROR - safety_system.py:547 - ❌ Communication lost
2025-08-07 12:24:59 - core.serial_comm - ERROR - serial_comm.py:129 - ❌ Not connected
2025-08-07 12:24:59 - core.serial_comm - ERROR - serial_comm.py:129 - ❌ Not connected
2025-08-07 12:24:59 - safety.safety_system - ERROR - safety_system.py:547 - ❌ Communication lost
2025-08-07 12:25:00 - core.serial_comm - ERROR - serial_comm.py:129 - ❌ Not connected
2025-08-07 12:25:00 - core.serial_comm - ERROR - serial_comm.py:129 - ❌ Not connected
2025-08-07 12:25:00 - safety.safety_system - ERROR - safety_system.py:547 - ❌ Communication lost
2025-08-07 12:25:01 - core.serial_comm - ERROR - serial_comm.py:129 - ❌ Not connected
2025-08-07 12:25:01 - core.serial_comm - ERROR - serial_comm.py:129 - ❌ Not connected
2025-08-07 12:25:01 - safety.safety_system - ERROR - safety_system.py:547 - ❌ Communication lost
2025-08-07 12:25:01 - safety.safety_system - INFO - safety_system.py:321 - ✅ Phase 3/5: Saving state...
2025-08-07 12:25:01 - safety.safety_system - INFO - safety_system.py:408 - ✅ System state saved
2025-08-07 12:25:01 - safety.safety_system - INFO - safety_system.py:325 - ✅ Phase 4/5: Hardware shutdown...
2025-08-07 12:25:01 - safety.safety_system - INFO - safety_system.py:423 - ✅ Reducing torque gradually...
2025-08-07 12:25:02 - core.serial_comm - ERROR - serial_comm.py:129 - ❌ Not connected
2025-08-07 12:25:02 - core.serial_comm - ERROR - serial_comm.py:129 - ❌ Not connected
2025-08-07 12:25:02 - safety.safety_system - ERROR - safety_system.py:547 - ❌ Communication lost
2025-08-07 12:25:02 - safety.safety_system - INFO - safety_system.py:433 - ✅ Disabling torque...
2025-08-07 12:25:02 - core.serial_comm - ERROR - serial_comm.py:129 - ❌ Not connected
2025-08-07 12:25:02 - core.controller - INFO - controller.py:371 - ✅ Torque disabled
2025-08-07 12:25:03 - core.serial_comm - ERROR - serial_comm.py:129 - ❌ Not connected
2025-08-07 12:25:03 - safety.safety_system - INFO - safety_system.py:329 - ✅ Phase 5/5: Cleanup...
2025-08-07 12:25:03 - safety.safety_system - INFO - safety_system.py:453 - ✅ Closing serial connection...
2025-08-07 12:25:03 - core.serial_comm - INFO - serial_comm.py:110 - ✅ Disconnected from serial port
2025-08-07 12:25:03 - safety.safety_system - INFO - safety_system.py:712 - ✅ Event log saved to safety/events_20250807_122503.json
2025-08-07 12:25:03 - safety.safety_system - INFO - safety_system.py:333 - ✅ ✅ Graceful shutdown complete
2025-08-07 12:25:03 - core.serial_comm - ERROR - serial_comm.py:129 - ❌ Not connected
2025-08-07 15:02:12 - utils.logger - INFO - logger.py:126 - ✅ ============================================================
2025-08-07 15:02:12 - utils.logger - INFO - logger.py:127 - ✅ RoArm M3 Logging System Initialized
2025-08-07 15:02:12 - utils.logger - INFO - logger.py:128 - ✅ Log directory: /Users/michaelfleischer/Desktop/RoArmM3v1/logs
2025-08-07 15:02:12 - utils.logger - INFO - logger.py:129 - ✅ ============================================================
2025-08-07 15:02:12 - utils.logger - INFO - logger.py:223 - ✅ Logging level set to INFO
2025-08-07 15:02:12 - core.serial_comm - INFO - serial_comm.py:50 - ✅ SerialManager initialized for /dev/tty.usbserial-110
2025-08-07 15:02:12 - motion.trajectory - DEBUG - trajectory.py:54 - Trajectory Generator initialized (rate: 100.0 Hz)
2025-08-07 15:02:12 - utils.safety - INFO - safety.py:67 - ✅ SafetyMonitor initialized
2025-08-07 15:02:12 - core.serial_comm - ERROR - serial_comm.py:91 - ❌ Serial connection failed: [Errno 2] could not open port /dev/tty.usbserial-110: [Errno 2] No such file or directory: '/dev/tty.usbserial-110'
2025-08-07 15:02:12 - core.controller - ERROR - controller.py:124 - ❌ Failed to connect to RoArm
2025-08-07 15:02:12 - core.controller - INFO - controller.py:300 - ✅ Moving to home position...
2025-08-07 15:02:12 - utils.safety - WARNING - safety.py:98 - ⚠️ Position near limit: hand = 3.140 rad
2025-08-07 15:02:13 - core.controller - INFO - controller.py:300 - ✅ Moving to home position...
2025-08-07 15:02:13 - utils.safety - WARNING - safety.py:98 - ⚠️ Position near limit: hand = 3.140 rad
2025-08-07 15:02:14 - core.serial_comm - INFO - serial_comm.py:110 - ✅ Disconnected from serial port
2025-08-07 15:02:14 - core.controller - INFO - controller.py:143 - ✅ ✅ Disconnected from RoArm
2025-08-07 15:02:27 - utils.logger - INFO - logger.py:126 - ✅ ============================================================
2025-08-07 15:02:27 - utils.logger - INFO - logger.py:127 - ✅ RoArm M3 Logging System Initialized
2025-08-07 15:02:27 - utils.logger - INFO - logger.py:128 - ✅ Log directory: /Users/michaelfleischer/Desktop/RoArmM3v1/logs
2025-08-07 15:02:27 - utils.logger - INFO - logger.py:129 - ✅ ============================================================
2025-08-07 15:02:27 - utils.logger - INFO - logger.py:223 - ✅ Logging level set to INFO
2025-08-07 15:02:27 - core.serial_comm - INFO - serial_comm.py:50 - ✅ SerialManager initialized for /dev/tty.usbserial-110
2025-08-07 15:02:27 - motion.trajectory - DEBUG - trajectory.py:54 - Trajectory Generator initialized (rate: 100.0 Hz)
2025-08-07 15:02:27 - utils.safety - INFO - safety.py:67 - ✅ SafetyMonitor initialized
2025-08-07 15:02:27 - core.serial_comm - ERROR - serial_comm.py:91 - ❌ Serial connection failed: [Errno 2] could not open port /dev/tty.usbserial-110: [Errno 2] No such file or directory: '/dev/tty.usbserial-110'
2025-08-07 15:02:27 - core.controller - ERROR - controller.py:124 - ❌ Failed to connect to RoArm
2025-08-07 15:02:27 - core.controller - INFO - controller.py:300 - ✅ Moving to home position...
2025-08-07 15:02:27 - utils.safety - WARNING - safety.py:98 - ⚠️ Position near limit: hand = 3.140 rad
2025-08-07 15:02:28 - core.controller - INFO - controller.py:300 - ✅ Moving to home position...
2025-08-07 15:02:28 - utils.safety - WARNING - safety.py:98 - ⚠️ Position near limit: hand = 3.140 rad
2025-08-07 15:02:29 - core.serial_comm - INFO - serial_comm.py:110 - ✅ Disconnected from serial port
2025-08-07 15:02:29 - core.controller - INFO - controller.py:143 - ✅ ✅ Disconnected from RoArm
2025-08-07 15:02:39 - utils.logger - INFO - logger.py:126 - ✅ ============================================================
2025-08-07 15:02:39 - utils.logger - INFO - logger.py:127 - ✅ RoArm M3 Logging System Initialized
2025-08-07 15:02:39 - utils.logger - INFO - logger.py:128 - ✅ Log directory: /Users/michaelfleischer/Desktop/RoArmM3v1/logs
2025-08-07 15:02:39 - utils.logger - INFO - logger.py:129 - ✅ ============================================================
2025-08-07 15:02:39 - utils.logger - INFO - logger.py:223 - ✅ Logging level set to INFO
2025-08-07 15:02:39 - core.serial_comm - INFO - serial_comm.py:50 - ✅ SerialManager initialized for /dev/tty.usbserial-110
2025-08-07 15:02:39 - motion.trajectory - DEBUG - trajectory.py:54 - Trajectory Generator initialized (rate: 100.0 Hz)
2025-08-07 15:02:39 - utils.safety - INFO - safety.py:67 - ✅ SafetyMonitor initialized
2025-08-07 15:02:41 - core.serial_comm - INFO - serial_comm.py:87 - ✅ ✅ Connected to /dev/tty.usbserial-110
2025-08-07 15:02:41 - core.controller - INFO - controller.py:114 - ✅ ✅ Connected to RoArm on /dev/tty.usbserial-110
2025-08-07 15:02:41 - core.controller - INFO - controller.py:371 - ✅ Torque enabled
2025-08-07 15:02:41 - core.controller - INFO - controller.py:187 - ✅ Robot initialized
2025-08-07 15:02:41 - teaching.recorder - INFO - recorder.py:212 - ✅ Teaching Recorder initialized
2025-08-07 15:02:41 - calibration.calibration_suite - INFO - calibration_suite.py:237 - ✅ Calibration loaded from calibration/system_calibration.json
2025-08-07 15:02:41 - calibration.calibration_suite - INFO - calibration_suite.py:774 - ✅ ✅ Calibration loaded successfully
2025-08-07 15:02:41 - calibration.calibration_suite - INFO - calibration_suite.py:804 - ✅ Calibration applied to controller
2025-08-07 15:02:41 - calibration.calibration_suite - INFO - calibration_suite.py:272 - ✅ Calibration Suite initialized
2025-08-07 15:02:41 - safety.safety_system - INFO - safety_system.py:152 - ✅ Safety System initialized
2025-08-07 15:02:41 - safety.safety_system - WARNING - safety_system.py:539 - ⚠️ Voltage out of range: 0V
2025-08-07 15:02:43 - safety.safety_system - WARNING - safety_system.py:539 - ⚠️ Voltage out of range: 0V
2025-08-07 15:02:44 - safety.safety_system - WARNING - safety_system.py:539 - ⚠️ Voltage out of range: 0V
2025-08-07 15:02:45 - safety.safety_system - WARNING - safety_system.py:539 - ⚠️ Voltage out of range: 0V
2025-08-07 15:02:46 - safety.safety_system - WARNING - safety_system.py:539 - ⚠️ Voltage out of range: 0V
2025-08-07 15:02:47 - safety.safety_system - WARNING - safety_system.py:539 - ⚠️ Voltage out of range: 0V
2025-08-07 15:02:48 - safety.safety_system - WARNING - safety_system.py:539 - ⚠️ Voltage out of range: 0V
2025-08-07 15:02:49 - safety.safety_system - WARNING - safety_system.py:539 - ⚠️ Voltage out of range: 0V
2025-08-07 15:02:50 - safety.safety_system - WARNING - safety_system.py:539 - ⚠️ Voltage out of range: 0V
2025-08-07 15:02:51 - safety.safety_system - WARNING - safety_system.py:539 - ⚠️ Voltage out of range: 0V
2025-08-07 15:02:52 - safety.safety_system - WARNING - safety_system.py:539 - ⚠️ Voltage out of range: 0V
2025-08-07 15:02:53 - safety.safety_system - WARNING - safety_system.py:539 - ⚠️ Voltage out of range: 0V
2025-08-07 15:02:54 - safety.safety_system - WARNING - safety_system.py:539 - ⚠️ Voltage out of range: 0V
2025-08-07 15:02:55 - safety.safety_system - WARNING - safety_system.py:539 - ⚠️ Voltage out of range: 0V
2025-08-07 15:02:56 - safety.safety_system - WARNING - safety_system.py:539 - ⚠️ Voltage out of range: 0V
2025-08-07 15:02:57 - safety.safety_system - WARNING - safety_system.py:539 - ⚠️ Voltage out of range: 0V
2025-08-07 15:02:58 - safety.safety_system - WARNING - safety_system.py:539 - ⚠️ Voltage out of range: 0V
2025-08-07 15:02:59 - safety.safety_system - WARNING - safety_system.py:539 - ⚠️ Voltage out of range: 0V
2025-08-07 15:02:59 - calibration.calibration_suite - INFO - calibration_suite.py:208 - ✅ Calibration saved to calibration/system_calibration.json
2025-08-07 15:02:59 - core.controller - INFO - controller.py:300 - ✅ Moving to home position...
2025-08-07 15:02:59 - utils.safety - WARNING - safety.py:98 - ⚠️ Position near limit: hand = 3.140 rad
2025-08-07 15:03:00 - safety.safety_system - WARNING - safety_system.py:539 - ⚠️ Voltage out of range: 0V
2025-08-07 15:03:00 - core.controller - INFO - controller.py:300 - ✅ Moving to home position...
2025-08-07 15:03:00 - utils.safety - WARNING - safety.py:98 - ⚠️ Position near limit: hand = 3.140 rad
2025-08-07 15:03:01 - safety.safety_system - WARNING - safety_system.py:539 - ⚠️ Voltage out of range: 0V
2025-08-07 15:03:02 - core.serial_comm - INFO - serial_comm.py:110 - ✅ Disconnected from serial port
2025-08-07 15:03:02 - core.controller - INFO - controller.py:143 - ✅ ✅ Disconnected from RoArm
2025-08-07 15:03:02 - safety.safety_system - INFO - safety_system.py:737 - ✅ Exit detected - initiating shutdown...
2025-08-07 15:03:02 - safety.safety_system - INFO - safety_system.py:296 - ✅ 🔌 Starting graceful shutdown: user_request
2025-08-07 15:03:02 - safety.safety_system - INFO - safety_system.py:310 - ✅ Phase 1/5: Preparation...
2025-08-07 15:03:02 - core.serial_comm - ERROR - serial_comm.py:129 - ❌ Not connected
2025-08-07 15:03:02 - core.serial_comm - ERROR - serial_comm.py:129 - ❌ Not connected
2025-08-07 15:03:02 - core.serial_comm - ERROR - serial_comm.py:129 - ❌ Not connected
2025-08-07 15:03:02 - core.serial_comm - ERROR - serial_comm.py:129 - ❌ Not connected
2025-08-07 15:03:02 - safety.safety_system - ERROR - safety_system.py:547 - ❌ Communication lost
2025-08-07 15:03:02 - core.serial_comm - ERROR - serial_comm.py:129 - ❌ Not connected
2025-08-07 15:03:03 - core.serial_comm - ERROR - serial_comm.py:129 - ❌ Not connected
2025-08-07 15:03:03 - core.serial_comm - ERROR - serial_comm.py:129 - ❌ Not connected
2025-08-07 15:03:03 - core.serial_comm - ERROR - serial_comm.py:129 - ❌ Not connected
2025-08-07 15:03:03 - core.serial_comm - ERROR - serial_comm.py:129 - ❌ Not connected
2025-08-07 15:03:03 - core.serial_comm - ERROR - serial_comm.py:129 - ❌ Not connected
2025-08-07 15:03:03 - safety.safety_system - ERROR - safety_system.py:547 - ❌ Communication lost
2025-08-07 15:03:03 - safety.safety_system - INFO - safety_system.py:315 - ✅ Phase 2/5: Moving to safe position...
2025-08-07 15:03:03 - safety.safety_system - INFO - safety_system.py:377 - ✅ Moving to PARK position...
2025-08-07 15:03:03 - utils.safety - WARNING - safety.py:98 - ⚠️ Position near limit: shoulder = -1.570 rad
2025-08-07 15:03:03 - utils.safety - WARNING - safety.py:98 - ⚠️ Position near limit: elbow = 3.140 rad
2025-08-07 15:03:03 - utils.safety - WARNING - safety.py:98 - ⚠️ Position near limit: hand = 3.140 rad
2025-08-07 15:03:04 - core.serial_comm - ERROR - serial_comm.py:129 - ❌ Not connected
2025-08-07 15:03:04 - core.serial_comm - ERROR - serial_comm.py:129 - ❌ Not connected
2025-08-07 15:03:04 - safety.safety_system - ERROR - safety_system.py:547 - ❌ Communication lost
2025-08-07 15:03:05 - core.serial_comm - ERROR - serial_comm.py:129 - ❌ Not connected
2025-08-07 15:03:05 - core.serial_comm - ERROR - serial_comm.py:129 - ❌ Not connected
2025-08-07 15:03:05 - safety.safety_system - ERROR - safety_system.py:547 - ❌ Communication lost
2025-08-07 15:03:06 - core.serial_comm - ERROR - serial_comm.py:129 - ❌ Not connected
2025-08-07 15:03:06 - core.serial_comm - ERROR - serial_comm.py:129 - ❌ Not connected
2025-08-07 15:03:06 - safety.safety_system - ERROR - safety_system.py:547 - ❌ Communication lost
2025-08-07 15:03:07 - core.serial_comm - ERROR - serial_comm.py:129 - ❌ Not connected
2025-08-07 15:03:07 - core.serial_comm - ERROR - serial_comm.py:129 - ❌ Not connected
2025-08-07 15:03:07 - safety.safety_system - ERROR - safety_system.py:547 - ❌ Communication lost
2025-08-07 15:03:08 - core.serial_comm - ERROR - serial_comm.py:129 - ❌ Not connected
2025-08-07 15:03:08 - core.serial_comm - ERROR - serial_comm.py:129 - ❌ Not connected
2025-08-07 15:03:08 - safety.safety_system - ERROR - safety_system.py:547 - ❌ Communication lost
2025-08-07 15:03:09 - core.serial_comm - ERROR - serial_comm.py:129 - ❌ Not connected
2025-08-07 15:03:09 - core.serial_comm - ERROR - serial_comm.py:129 - ❌ Not connected
2025-08-07 15:03:09 - safety.safety_system - ERROR - safety_system.py:547 - ❌ Communication lost
2025-08-07 15:03:10 - core.serial_comm - ERROR - serial_comm.py:129 - ❌ Not connected
2025-08-07 15:03:10 - core.serial_comm - ERROR - serial_comm.py:129 - ❌ Not connected
2025-08-07 15:03:10 - safety.safety_system - ERROR - safety_system.py:547 - ❌ Communication lost
2025-08-07 15:03:11 - safety.safety_system - INFO - safety_system.py:321 - ✅ Phase 3/5: Saving state...
2025-08-07 15:03:11 - safety.safety_system - INFO - safety_system.py:408 - ✅ System state saved
2025-08-07 15:03:11 - safety.safety_system - INFO - safety_system.py:325 - ✅ Phase 4/5: Hardware shutdown...
2025-08-07 15:03:11 - safety.safety_system - INFO - safety_system.py:423 - ✅ Reducing torque gradually...
2025-08-07 15:03:11 - core.serial_comm - ERROR - serial_comm.py:129 - ❌ Not connected
2025-08-07 15:03:11 - core.serial_comm - ERROR - serial_comm.py:129 - ❌ Not connected
2025-08-07 15:03:11 - safety.safety_system - ERROR - safety_system.py:547 - ❌ Communication lost
2025-08-07 15:03:11 - safety.safety_system - INFO - safety_system.py:433 - ✅ Disabling torque...
2025-08-07 15:03:11 - core.serial_comm - ERROR - serial_comm.py:129 - ❌ Not connected
2025-08-07 15:03:11 - core.controller - INFO - controller.py:371 - ✅ Torque disabled
2025-08-07 15:03:12 - core.serial_comm - ERROR - serial_comm.py:129 - ❌ Not connected
2025-08-07 15:03:12 - safety.safety_system - INFO - safety_system.py:329 - ✅ Phase 5/5: Cleanup...
2025-08-07 15:03:12 - safety.safety_system - INFO - safety_system.py:453 - ✅ Closing serial connection...
2025-08-07 15:03:12 - core.serial_comm - INFO - serial_comm.py:110 - ✅ Disconnected from serial port
2025-08-07 15:03:12 - safety.safety_system - INFO - safety_system.py:712 - ✅ Event log saved to safety/events_20250807_150312.json
2025-08-07 15:03:12 - safety.safety_system - INFO - safety_system.py:333 - ✅ ✅ Graceful shutdown complete
2025-08-07 15:03:12 - core.serial_comm - ERROR - serial_comm.py:129 - ❌ Not connected
