2025-08-09 11:05:07 - utils.logger - INFO - logger.py:126 - ✅ ============================================================
2025-08-09 11:05:07 - utils.logger - INFO - logger.py:127 - ✅ RoArm M3 Logging System Initialized
2025-08-09 11:05:07 - utils.logger - INFO - logger.py:128 - ✅ Log directory: /Users/michaelfleischer/Desktop/RoArmM3v1/logs
2025-08-09 11:05:07 - utils.logger - INFO - logger.py:129 - ✅ ============================================================
2025-08-09 11:05:07 - utils.logger - INFO - logger.py:223 - ✅ Logging level set to INFO
2025-08-09 11:05:07 - __main__ - INFO - main.py:47 - ✅ ✅ Core modules loaded successfully
2025-08-09 11:05:07 - __main__ - WARNING - main.py:62 - ⚠️ ⚠️ Utils import warning: cannot import name 'TerminalManager' from 'utils.terminal' (/Users/michaelfleischer/Desktop/RoArmM3v1/utils/terminal.py)
2025-08-09 11:05:07 - __main__ - INFO - main.py:96 - ✅ ✅ Basic scan patterns loaded
2025-08-09 11:05:07 - __main__ - INFO - main.py:104 - ✅ ✅ Technical configurator loaded
2025-08-09 11:05:07 - __main__ - INFO - main.py:128 - ✅ ✅ Teaching recorder loaded
2025-08-09 11:05:07 - __main__ - INFO - main.py:136 - ✅ ✅ Calibration suite loaded
2025-08-09 11:05:07 - __main__ - INFO - main.py:146 - ✅ ✅ Advanced safety system loaded
2025-08-09 11:05:07 - __main__ - ERROR - main.py:400 - ❌ 💥 Connection error: 'RoArmConfig' object has no attribute 'load_from_file'
2025-08-09 11:05:07 - __main__ - INFO - main.py:1870 - ✅ 🧹 Cleaning up resources...
2025-08-09 11:05:07 - __main__ - INFO - main.py:1911 - ✅ 👋 Application shutdown complete
2025-08-09 11:05:24 - utils.logger - INFO - logger.py:126 - ✅ ============================================================
2025-08-09 11:05:24 - utils.logger - INFO - logger.py:127 - ✅ RoArm M3 Logging System Initialized
2025-08-09 11:05:24 - utils.logger - INFO - logger.py:128 - ✅ Log directory: /Users/michaelfleischer/Desktop/RoArmM3v1/logs
2025-08-09 11:05:24 - utils.logger - INFO - logger.py:129 - ✅ ============================================================
2025-08-09 11:05:24 - utils.logger - INFO - logger.py:223 - ✅ Logging level set to INFO
2025-08-09 11:05:24 - __main__ - INFO - main.py:47 - ✅ ✅ Core modules loaded successfully
2025-08-09 11:05:24 - __main__ - WARNING - main.py:62 - ⚠️ ⚠️ Utils import warning: cannot import name 'TerminalManager' from 'utils.terminal' (/Users/michaelfleischer/Desktop/RoArmM3v1/utils/terminal.py)
2025-08-09 11:05:24 - __main__ - INFO - main.py:96 - ✅ ✅ Basic scan patterns loaded
2025-08-09 11:05:24 - __main__ - INFO - main.py:104 - ✅ ✅ Technical configurator loaded
2025-08-09 11:05:24 - __main__ - INFO - main.py:128 - ✅ ✅ Teaching recorder loaded
2025-08-09 11:05:24 - __main__ - INFO - main.py:136 - ✅ ✅ Calibration suite loaded
2025-08-09 11:05:24 - __main__ - INFO - main.py:146 - ✅ ✅ Advanced safety system loaded
2025-08-09 11:05:24 - __main__ - DEBUG - main.py:211 - 📊 System Status:
2025-08-09 11:05:24 - __main__ - DEBUG - main.py:212 -    Core imports: ✅
2025-08-09 11:05:24 - __main__ - DEBUG - main.py:213 -    Utils imports: ❌
2025-08-09 11:05:24 - __main__ - DEBUG - main.py:214 -    Basic patterns: ✅
2025-08-09 11:05:24 - __main__ - DEBUG - main.py:215 -    Technical configurator: ✅
2025-08-09 11:05:24 - __main__ - DEBUG - main.py:216 -    Teaching recorder: ✅
2025-08-09 11:05:24 - __main__ - DEBUG - main.py:217 -    Calibration suite: ✅
2025-08-09 11:05:24 - __main__ - DEBUG - main.py:218 -    Safety system: ✅
2025-08-09 11:05:24 - __main__ - DEBUG - main.py:219 -    Config file: config.yaml
2025-08-09 11:05:24 - __main__ - DEBUG - main.py:220 -    Python version: 3.13.5 (v3.13.5:6cb20a219a8, Jun 11 2025, 12:23:45) [Clang 16.0.0 (clang-1600.0.26.6)]
2025-08-09 11:05:24 - __main__ - DEBUG - main.py:221 -    Working directory: /Users/michaelfleischer/Desktop/RoArmM3v1
2025-08-09 11:05:24 - __main__ - ERROR - main.py:400 - ❌ 💥 Connection error: 'RoArmConfig' object has no attribute 'load_from_file'
2025-08-09 11:05:24 - __main__ - DEBUG - main.py:402 - 🔍 Connection traceback:
Traceback (most recent call last):
  File "/Users/michaelfleischer/Desktop/RoArmM3v1/main.py", line 360, in _initialize_robot_connection
    config.load_from_file(self.config_path)
    ^^^^^^^^^^^^^^^^^^^^^
AttributeError: 'RoArmConfig' object has no attribute 'load_from_file'

2025-08-09 11:05:24 - __main__ - INFO - main.py:1870 - ✅ 🧹 Cleaning up resources...
2025-08-09 11:05:24 - __main__ - DEBUG - main.py:1906 - ✅ Session stats saved to logs/session_stats.json
2025-08-09 11:05:24 - __main__ - INFO - main.py:1911 - ✅ 👋 Application shutdown complete
2025-08-09 11:07:09 - utils.logger - INFO - logger.py:126 - ✅ ============================================================
2025-08-09 11:07:09 - utils.logger - INFO - logger.py:127 - ✅ RoArm M3 Logging System Initialized
2025-08-09 11:07:09 - utils.logger - INFO - logger.py:128 - ✅ Log directory: /Users/michaelfleischer/Desktop/RoArmM3v1/logs
2025-08-09 11:07:09 - utils.logger - INFO - logger.py:129 - ✅ ============================================================
2025-08-09 11:07:09 - utils.logger - INFO - logger.py:223 - ✅ Logging level set to INFO
2025-08-09 11:07:09 - __main__ - INFO - main.py:47 - ✅ ✅ Core modules loaded successfully
2025-08-09 11:07:09 - __main__ - WARNING - main.py:62 - ⚠️ ⚠️ Utils import warning: cannot import name 'TerminalManager' from 'utils.terminal' (/Users/michaelfleischer/Desktop/RoArmM3v1/utils/terminal.py)
2025-08-09 11:07:09 - __main__ - INFO - main.py:96 - ✅ ✅ Basic scan patterns loaded
2025-08-09 11:07:09 - __main__ - INFO - main.py:104 - ✅ ✅ Technical configurator loaded
2025-08-09 11:07:09 - __main__ - INFO - main.py:128 - ✅ ✅ Teaching recorder loaded
2025-08-09 11:07:09 - __main__ - INFO - main.py:136 - ✅ ✅ Calibration suite loaded
2025-08-09 11:07:09 - __main__ - INFO - main.py:146 - ✅ ✅ Advanced safety system loaded
2025-08-09 11:07:09 - __main__ - DEBUG - main.py:211 - 📊 System Status:
2025-08-09 11:07:09 - __main__ - DEBUG - main.py:212 -    Core imports: ✅
2025-08-09 11:07:09 - __main__ - DEBUG - main.py:213 -    Utils imports: ❌
2025-08-09 11:07:09 - __main__ - DEBUG - main.py:214 -    Basic patterns: ✅
2025-08-09 11:07:09 - __main__ - DEBUG - main.py:215 -    Technical configurator: ✅
2025-08-09 11:07:09 - __main__ - DEBUG - main.py:216 -    Teaching recorder: ✅
2025-08-09 11:07:09 - __main__ - DEBUG - main.py:217 -    Calibration suite: ✅
2025-08-09 11:07:09 - __main__ - DEBUG - main.py:218 -    Safety system: ✅
2025-08-09 11:07:09 - __main__ - DEBUG - main.py:219 -    Config file: config.yaml
2025-08-09 11:07:09 - __main__ - DEBUG - main.py:220 -    Python version: 3.13.5 (v3.13.5:6cb20a219a8, Jun 11 2025, 12:23:45) [Clang 16.0.0 (clang-1600.0.26.6)]
2025-08-09 11:07:09 - __main__ - DEBUG - main.py:221 -    Working directory: /Users/michaelfleischer/Desktop/RoArmM3v1
2025-08-09 11:07:09 - __main__ - INFO - main.py:383 - ✅ ✅ Configuration loaded from config.yaml
2025-08-09 11:07:09 - motion.trajectory - DEBUG - trajectory.py:57 - TrajectoryGenerator initialized: v_max=2.0, a_max=3.0
2025-08-09 11:07:09 - utils.safety - INFO - safety.py:67 - ✅ SafetyMonitor initialized
2025-08-09 11:07:09 - RoArm.Serial - INFO - serial_comm.py:39 - ✅ 🔌 Connecting to /dev/tty.usbserial-110...
2025-08-09 11:07:09 - RoArm.Serial - ERROR - serial_comm.py:60 - ❌ ❌ Serial connection failed: [Errno 2] could not open port /dev/tty.usbserial-110: [Errno 2] No such file or directory: '/dev/tty.usbserial-110'
2025-08-09 11:07:09 - core.controller - ERROR - controller.py:113 - ❌ Failed to connect to RoArm
2025-08-09 11:07:09 - RoArm.Serial - INFO - serial_comm.py:39 - ✅ 🔌 Connecting to /dev/tty.usbserial-110...
2025-08-09 11:07:09 - RoArm.Serial - ERROR - serial_comm.py:60 - ❌ ❌ Serial connection failed: [Errno 2] could not open port /dev/tty.usbserial-110: [Errno 2] No such file or directory: '/dev/tty.usbserial-110'
2025-08-09 11:07:09 - core.controller - ERROR - controller.py:113 - ❌ Failed to connect to RoArm
2025-08-09 11:07:23 - __main__ - INFO - main.py:415 - ✅ 🎮 Switched to simulator mode
2025-08-09 11:07:23 - __main__ - INFO - main.py:420 - ✅ ✅ Robot connection established
2025-08-09 11:07:23 - __main__ - INFO - main.py:434 - ✅ 🔧 Initializing components...
2025-08-09 11:07:23 - teaching.recorder - INFO - recorder.py:212 - ✅ Teaching Recorder initialized
2025-08-09 11:07:23 - __main__ - DEBUG - main.py:445 - ✅ Teaching recorder initialized
2025-08-09 11:07:23 - calibration.calibration_suite - INFO - calibration_suite.py:195 - ✅ Calibration loaded from calibration/system_calibration.json
2025-08-09 11:07:23 - calibration.calibration_suite - INFO - calibration_suite.py:1073 - ✅ ✅ Calibration loaded successfully
2025-08-09 11:07:23 - calibration.calibration_suite - INFO - calibration_suite.py:1094 - ✅ Safe calibration applied to controller
2025-08-09 11:07:23 - calibration.calibration_suite - INFO - calibration_suite.py:287 - ✅ Safe Calibration Suite initialized
2025-08-09 11:07:23 - __main__ - DEBUG - main.py:453 - ✅ Calibration suite initialized
2025-08-09 11:07:23 - safety.safety_system - INFO - safety_system.py:157 - ✅ Safety System initialized (V2 - Non-blocking mode)
2025-08-09 11:07:23 - __main__ - DEBUG - main.py:461 - ✅ Advanced safety system initialized
2025-08-09 11:07:23 - patterns.technical_scan_patterns.PatternEngine - INFO - technical_scan_patterns.py:186 - ✅ 🧠 Pattern Engine initialized with fibonacci_sphere
2025-08-09 11:07:23 - patterns.technical_scan_patterns.OptimizationEngine - INFO - technical_scan_patterns.py:458 - ✅ 🎯 Optimization Engine initialized with greedy
2025-08-09 11:07:23 - patterns.technical_configurator - INFO - technical_configurator.py:103 - ✅ 🔧 Technical Scanning Configurator initialized
2025-08-09 11:07:23 - __main__ - DEBUG - main.py:469 - ✅ Technical configurator initialized
2025-08-09 11:07:23 - __main__ - INFO - main.py:473 - ✅ ✅ Component initialization complete
2025-08-09 11:07:23 - __main__ - DEBUG - main.py:480 - 🔍 Checking calibration status...
2025-08-09 11:07:23 - __main__ - ERROR - main.py:293 - ❌ 💥 Error in main loop: 'RoArmController' object has no attribute 'is_connected'
2025-08-09 11:07:23 - __main__ - DEBUG - main.py:295 - 🔍 Traceback:
Traceback (most recent call last):
  File "/Users/michaelfleischer/Desktop/RoArmM3v1/main.py", line 280, in run
    self._show_main_menu()
    ~~~~~~~~~~~~~~~~~~~~^^
  File "/Users/michaelfleischer/Desktop/RoArmM3v1/main.py", line 596, in _show_main_menu
    self._show_system_status()
    ~~~~~~~~~~~~~~~~~~~~~~~~^^
  File "/Users/michaelfleischer/Desktop/RoArmM3v1/main.py", line 636, in _show_system_status
    if self.controller and (self.controller.is_connected() or self.simulator_mode):
                            ^^^^^^^^^^^^^^^^^^^^^^^^^^^^
AttributeError: 'RoArmController' object has no attribute 'is_connected'. Did you mean: 'disconnect'?

2025-08-09 11:07:28 - __main__ - ERROR - main.py:293 - ❌ 💥 Error in main loop: 'RoArmController' object has no attribute 'is_connected'
2025-08-09 11:07:28 - __main__ - DEBUG - main.py:295 - 🔍 Traceback:
Traceback (most recent call last):
  File "/Users/michaelfleischer/Desktop/RoArmM3v1/main.py", line 280, in run
    self._show_main_menu()
    ~~~~~~~~~~~~~~~~~~~~^^
  File "/Users/michaelfleischer/Desktop/RoArmM3v1/main.py", line 596, in _show_main_menu
    self._show_system_status()
    ~~~~~~~~~~~~~~~~~~~~~~~~^^
  File "/Users/michaelfleischer/Desktop/RoArmM3v1/main.py", line 636, in _show_system_status
    if self.controller and (self.controller.is_connected() or self.simulator_mode):
                            ^^^^^^^^^^^^^^^^^^^^^^^^^^^^
AttributeError: 'RoArmController' object has no attribute 'is_connected'. Did you mean: 'disconnect'?

2025-08-09 11:07:29 - __main__ - ERROR - main.py:293 - ❌ 💥 Error in main loop: 'RoArmController' object has no attribute 'is_connected'
2025-08-09 11:07:29 - __main__ - DEBUG - main.py:295 - 🔍 Traceback:
Traceback (most recent call last):
  File "/Users/michaelfleischer/Desktop/RoArmM3v1/main.py", line 280, in run
    self._show_main_menu()
    ~~~~~~~~~~~~~~~~~~~~^^
  File "/Users/michaelfleischer/Desktop/RoArmM3v1/main.py", line 596, in _show_main_menu
    self._show_system_status()
    ~~~~~~~~~~~~~~~~~~~~~~~~^^
  File "/Users/michaelfleischer/Desktop/RoArmM3v1/main.py", line 636, in _show_system_status
    if self.controller and (self.controller.is_connected() or self.simulator_mode):
                            ^^^^^^^^^^^^^^^^^^^^^^^^^^^^
AttributeError: 'RoArmController' object has no attribute 'is_connected'. Did you mean: 'disconnect'?

2025-08-09 11:07:29 - __main__ - ERROR - main.py:293 - ❌ 💥 Error in main loop: 'RoArmController' object has no attribute 'is_connected'
2025-08-09 11:07:29 - __main__ - DEBUG - main.py:295 - 🔍 Traceback:
Traceback (most recent call last):
  File "/Users/michaelfleischer/Desktop/RoArmM3v1/main.py", line 280, in run
    self._show_main_menu()
    ~~~~~~~~~~~~~~~~~~~~^^
  File "/Users/michaelfleischer/Desktop/RoArmM3v1/main.py", line 596, in _show_main_menu
    self._show_system_status()
    ~~~~~~~~~~~~~~~~~~~~~~~~^^
  File "/Users/michaelfleischer/Desktop/RoArmM3v1/main.py", line 636, in _show_system_status
    if self.controller and (self.controller.is_connected() or self.simulator_mode):
                            ^^^^^^^^^^^^^^^^^^^^^^^^^^^^
AttributeError: 'RoArmController' object has no attribute 'is_connected'. Did you mean: 'disconnect'?

2025-08-09 11:07:29 - __main__ - ERROR - main.py:293 - ❌ 💥 Error in main loop: 'RoArmController' object has no attribute 'is_connected'
2025-08-09 11:07:29 - __main__ - DEBUG - main.py:295 - 🔍 Traceback:
Traceback (most recent call last):
  File "/Users/michaelfleischer/Desktop/RoArmM3v1/main.py", line 280, in run
    self._show_main_menu()
    ~~~~~~~~~~~~~~~~~~~~^^
  File "/Users/michaelfleischer/Desktop/RoArmM3v1/main.py", line 596, in _show_main_menu
    self._show_system_status()
    ~~~~~~~~~~~~~~~~~~~~~~~~^^
  File "/Users/michaelfleischer/Desktop/RoArmM3v1/main.py", line 636, in _show_system_status
    if self.controller and (self.controller.is_connected() or self.simulator_mode):
                            ^^^^^^^^^^^^^^^^^^^^^^^^^^^^
AttributeError: 'RoArmController' object has no attribute 'is_connected'. Did you mean: 'disconnect'?

2025-08-09 11:07:30 - __main__ - ERROR - main.py:293 - ❌ 💥 Error in main loop: 'RoArmController' object has no attribute 'is_connected'
2025-08-09 11:07:30 - __main__ - DEBUG - main.py:295 - 🔍 Traceback:
Traceback (most recent call last):
  File "/Users/michaelfleischer/Desktop/RoArmM3v1/main.py", line 280, in run
    self._show_main_menu()
    ~~~~~~~~~~~~~~~~~~~~^^
  File "/Users/michaelfleischer/Desktop/RoArmM3v1/main.py", line 596, in _show_main_menu
    self._show_system_status()
    ~~~~~~~~~~~~~~~~~~~~~~~~^^
  File "/Users/michaelfleischer/Desktop/RoArmM3v1/main.py", line 636, in _show_system_status
    if self.controller and (self.controller.is_connected() or self.simulator_mode):
                            ^^^^^^^^^^^^^^^^^^^^^^^^^^^^
AttributeError: 'RoArmController' object has no attribute 'is_connected'. Did you mean: 'disconnect'?

